-------------------------------------------------------------------------------
Test set: com.ecommerce.catalog.controller.CatalogControllerIT
-------------------------------------------------------------------------------
Tests run: 14, Failures: 0, Errors: 14, Skipped: 0, Time elapsed: 1266 s <<< FAILURE! -- in com.ecommerce.catalog.controller.CatalogControllerIT
com.ecommerce.catalog.controller.CatalogControllerIT.deleteProduct_noAuth_returns401 -- Time elapsed: 61.00 s <<< ERROR!
org.springframework.dao.DataAccessResourceFailureException: Timed out after 30000 ms while waiting for a server that matches WritableServerSelector. Client view of cluster state is {type=UNKNOWN, servers=[{address=localhost:27017, type=UNKNOWN, state=CONNECTING, exception={com.mongodb.MongoSocketOpenException: Exception opening socket}, caused by {io.netty.channel.AbstractChannel$AnnotatedConnectException: Connection refused: no further information: localhost/[0:0:0:0:0:0:0:1]:27017}, caused by {java.net.ConnectException: Connection refused: no further information}}]
	at org.springframework.data.mongodb.core.MongoExceptionTranslator.translateExceptionIfPossible(MongoExceptionTranslator.java:88)
	at org.springframework.data.mongodb.core.ReactiveMongoTemplate.potentiallyConvertRuntimeException(ReactiveMongoTemplate.java:2763)
	at org.springframework.data.mongodb.core.ReactiveMongoTemplate.lambda$translateException$98(ReactiveMongoTemplate.java:2746)
	at reactor.core.publisher.Flux.lambda$onErrorMap$27(Flux.java:7267)
	at reactor.core.publisher.FluxOnErrorResume$ResumeSubscriber.onError(FluxOnErrorResume.java:94)
	at reactor.core.publisher.MonoFlatMapMany$FlatMapManyInner.onError(MonoFlatMapMany.java:256)
	at org.springframework.security.test.context.support.ReactorContextTestExecutionListener$DelegateTestExecutionListener$SecuritySubContext.onError(ReactorContextTestExecutionListener.java:125)
	at reactor.core.publisher.FluxMap$MapSubscriber.onError(FluxMap.java:134)
	at reactor.core.publisher.FluxOnErrorResume$ResumeSubscriber.onError(FluxOnErrorResume.java:106)
	at org.springframework.security.test.context.support.ReactorContextTestExecutionListener$DelegateTestExecutionListener$SecuritySubContext.onError(ReactorContextTestExecutionListener.java:125)
	at reactor.core.publisher.Operators.error(Operators.java:198)
	at reactor.core.publisher.MonoError.subscribe(MonoError.java:53)
	at reactor.core.publisher.Mono.subscribe(Mono.java:4568)
	at reactor.core.publisher.FluxOnErrorResume$ResumeSubscriber.onError(FluxOnErrorResume.java:103)
	at reactor.core.publisher.MonoNext$NextSubscriber.onError(MonoNext.java:93)
	at reactor.core.publisher.MonoNext$NextSubscriber.onError(MonoNext.java:93)
	at org.springframework.security.test.context.support.ReactorContextTestExecutionListener$DelegateTestExecutionListener$SecuritySubContext.onError(ReactorContextTestExecutionListener.java:125)
	at reactor.core.publisher.MonoFlatMap$FlatMapMain.secondError(MonoFlatMap.java:241)
	at reactor.core.publisher.MonoFlatMap$FlatMapInner.onError(MonoFlatMap.java:315)
	at reactor.core.publisher.MonoPeekTerminal$MonoTerminalPeekSubscriber.onError(MonoPeekTerminal.java:258)
	at reactor.core.publisher.MonoCreate$DefaultMonoSink.error(MonoCreate.java:205)
	at com.mongodb.reactivestreams.client.internal.MongoOperationPublisher.lambda$sinkToCallback$33(MongoOperationPublisher.java:521)
	at com.mongodb.reactivestreams.client.internal.OperationExecutorImpl.lambda$execute$9(OperationExecutorImpl.java:126)
	at com.mongodb.internal.async.ErrorHandlingResultCallback.onResult(ErrorHandlingResultCallback.java:47)
	at com.mongodb.internal.operation.AsyncOperationHelper.lambda$exceptionTransformingCallback$16(AsyncOperationHelper.java:331)
	at com.mongodb.internal.async.function.AsyncCallbackSupplier.lambda$whenComplete$1(AsyncCallbackSupplier.java:97)
	at com.mongodb.internal.async.function.RetryingAsyncCallbackSupplier$RetryingCallback.onResult(RetryingAsyncCallbackSupplier.java:111)
	at com.mongodb.internal.async.ErrorHandlingResultCallback.onResult(ErrorHandlingResultCallback.java:47)
	at com.mongodb.internal.operation.AsyncOperationHelper.lambda$withAsyncSuppliedResource$3(AsyncOperationHelper.java:130)
	at com.mongodb.reactivestreams.client.internal.ClientSessionBinding$WrappingCallback.onResult(ClientSessionBinding.java:295)
	at com.mongodb.reactivestreams.client.internal.ClientSessionBinding$WrappingCallback.onResult(ClientSessionBinding.java:285)
	at com.mongodb.internal.binding.AsyncClusterBinding.lambda$getAsyncClusterBindingConnectionSource$1(AsyncClusterBinding.java:153)
	at com.mongodb.internal.connection.BaseCluster$ServerSelectionRequest.onResult(BaseCluster.java:405)
	at com.mongodb.internal.connection.BaseCluster.handleServerSelectionRequest(BaseCluster.java:275)
	at com.mongodb.internal.connection.BaseCluster.access$700(BaseCluster.java:69)
	at com.mongodb.internal.connection.BaseCluster$WaitQueueHandler.run(BaseCluster.java:455)
	at java.base/java.lang.Thread.run(Thread.java:842)
	Suppressed: java.lang.Exception: #block terminated with an error
		at reactor.core.publisher.BlockingSingleSubscriber.blockingGet(BlockingSingleSubscriber.java:104)
		at reactor.core.publisher.Mono.block(Mono.java:1779)
		at com.ecommerce.catalog.controller.CatalogControllerIT.setUp(CatalogControllerIT.java:57)
		at java.base/java.lang.reflect.Method.invoke(Method.java:568)
		at java.base/java.util.ArrayList.forEach(ArrayList.java:1511)
		at java.base/java.util.ArrayList.forEach(ArrayList.java:1511)
	Suppressed: org.springframework.dao.DataAccessResourceFailureException: Timed out after 30000 ms while waiting for a server that matches WritableServerSelector. Client view of cluster state is {type=UNKNOWN, servers=[{address=localhost:27017, type=UNKNOWN, state=CONNECTING, exception={com.mongodb.MongoSocketOpenException: Exception opening socket}, caused by {io.netty.channel.AbstractChannel$AnnotatedConnectException: Connection refused: no further information: localhost/[0:0:0:0:0:0:0:1]:27017}, caused by {java.net.ConnectException: Connection refused: no further information}}]
		at org.springframework.data.mongodb.core.MongoExceptionTranslator.translateExceptionIfPossible(MongoExceptionTranslator.java:88)
		at org.springframework.data.mongodb.core.ReactiveMongoTemplate.potentiallyConvertRuntimeException(ReactiveMongoTemplate.java:2763)
		at org.springframework.data.mongodb.core.ReactiveMongoTemplate.lambda$translateException$98(ReactiveMongoTemplate.java:2746)
		at reactor.core.publisher.Mono.lambda$onErrorMap$28(Mono.java:3854)
		at reactor.core.publisher.FluxOnErrorResume$ResumeSubscriber.onError(FluxOnErrorResume.java:94)
		at reactor.core.publisher.MonoFlatMap$FlatMapMain.secondError(MonoFlatMap.java:241)
		at reactor.core.publisher.MonoFlatMap$FlatMapInner.onError(MonoFlatMap.java:315)
		at reactor.core.publisher.MonoNext$NextSubscriber.onError(MonoNext.java:93)
		at org.springframework.security.test.context.support.ReactorContextTestExecutionListener$DelegateTestExecutionListener$SecuritySubContext.onError(ReactorContextTestExecutionListener.java:125)
		at reactor.core.publisher.MonoFlatMap$FlatMapMain.secondError(MonoFlatMap.java:241)
		at reactor.core.publisher.MonoFlatMap$FlatMapInner.onError(MonoFlatMap.java:315)
		at reactor.core.publisher.MonoPeekTerminal$MonoTerminalPeekSubscriber.onError(MonoPeekTerminal.java:258)
		at reactor.core.publisher.MonoCreate$DefaultMonoSink.error(MonoCreate.java:205)
		at com.mongodb.reactivestreams.client.internal.MongoOperationPublisher.lambda$sinkToCallback$33(MongoOperationPublisher.java:521)
		at com.mongodb.reactivestreams.client.internal.OperationExecutorImpl.lambda$execute$9(OperationExecutorImpl.java:126)
		at com.mongodb.internal.async.ErrorHandlingResultCallback.onResult(ErrorHandlingResultCallback.java:47)
		at com.mongodb.internal.operation.DropCollectionOperation.lambda$executeAsync$2(DropCollectionOperation.java:117)
		at com.mongodb.internal.operation.AsyncOperationHelper$AsyncCallableWithConnectionCallback.onResult(AsyncOperationHelper.java:370)
		at com.mongodb.internal.operation.AsyncOperationHelper$AsyncCallableWithConnectionCallback.onResult(AsyncOperationHelper.java:360)
		at com.mongodb.internal.async.ErrorHandlingResultCallback.onResult(ErrorHandlingResultCallback.java:47)
		... 8 more
		Suppressed: java.lang.Exception: #block terminated with an error
			at reactor.core.publisher.BlockingSingleSubscriber.blockingGet(BlockingSingleSubscriber.java:104)
			at reactor.core.publisher.Mono.block(Mono.java:1779)
			at com.ecommerce.catalog.controller.CatalogControllerIT.tearDown(CatalogControllerIT.java:62)
			at java.base/java.lang.reflect.Method.invoke(Method.java:568)
			at java.base/java.util.ArrayList.forEach(ArrayList.java:1511)
			at java.base/java.util.ArrayList.forEach(ArrayList.java:1511)
	Caused by: com.mongodb.MongoTimeoutException: Timed out after 30000 ms while waiting for a server that matches WritableServerSelector. Client view of cluster state is {type=UNKNOWN, servers=[{address=localhost:27017, type=UNKNOWN, state=CONNECTING, exception={com.mongodb.MongoSocketOpenException: Exception opening socket}, caused by {io.netty.channel.AbstractChannel$AnnotatedConnectException: Connection refused: no further information: localhost/[0:0:0:0:0:0:0:1]:27017}, caused by {java.net.ConnectException: Connection refused: no further information}}]
		at com.mongodb.internal.connection.BaseCluster.createTimeoutException(BaseCluster.java:380)
		... 4 more
Caused by: com.mongodb.MongoTimeoutException: Timed out after 30000 ms while waiting for a server that matches WritableServerSelector. Client view of cluster state is {type=UNKNOWN, servers=[{address=localhost:27017, type=UNKNOWN, state=CONNECTING, exception={com.mongodb.MongoSocketOpenException: Exception opening socket}, caused by {io.netty.channel.AbstractChannel$AnnotatedConnectException: Connection refused: no further information: localhost/[0:0:0:0:0:0:0:1]:27017}, caused by {java.net.ConnectException: Connection refused: no further information}}]
	at com.mongodb.internal.connection.BaseCluster.createTimeoutException(BaseCluster.java:380)
	... 4 more

com.ecommerce.catalog.controller.CatalogControllerIT.getProducts_authenticated_returnsList -- Time elapsed: 60.05 s <<< ERROR!
org.springframework.dao.DataAccessResourceFailureException: Timed out after 30000 ms while waiting for a server that matches WritableServerSelector. Client view of cluster state is {type=UNKNOWN, servers=[{address=localhost:27017, type=UNKNOWN, state=CONNECTING, exception={com.mongodb.MongoSocketOpenException: Exception opening socket}, caused by {io.netty.channel.AbstractChannel$AnnotatedConnectException: Connection refused: no further information: localhost/[0:0:0:0:0:0:0:1]:27017}, caused by {java.net.ConnectException: Connection refused: no further information}}]
	at org.springframework.data.mongodb.core.MongoExceptionTranslator.translateExceptionIfPossible(MongoExceptionTranslator.java:88)
	at org.springframework.data.mongodb.core.ReactiveMongoTemplate.potentiallyConvertRuntimeException(ReactiveMongoTemplate.java:2763)
	at org.springframework.data.mongodb.core.ReactiveMongoTemplate.lambda$translateException$98(ReactiveMongoTemplate.java:2746)
	at reactor.core.publisher.Flux.lambda$onErrorMap$27(Flux.java:7267)
	at reactor.core.publisher.FluxOnErrorResume$ResumeSubscriber.onError(FluxOnErrorResume.java:94)
	at reactor.core.publisher.MonoFlatMapMany$FlatMapManyInner.onError(MonoFlatMapMany.java:256)
	at org.springframework.security.test.context.support.ReactorContextTestExecutionListener$DelegateTestExecutionListener$SecuritySubContext.onError(ReactorContextTestExecutionListener.java:125)
	at reactor.core.publisher.FluxMap$MapSubscriber.onError(FluxMap.java:134)
	at reactor.core.publisher.FluxOnErrorResume$ResumeSubscriber.onError(FluxOnErrorResume.java:106)
	at org.springframework.security.test.context.support.ReactorContextTestExecutionListener$DelegateTestExecutionListener$SecuritySubContext.onError(ReactorContextTestExecutionListener.java:125)
	at reactor.core.publisher.Operators.error(Operators.java:198)
	at reactor.core.publisher.MonoError.subscribe(MonoError.java:53)
	at reactor.core.publisher.Mono.subscribe(Mono.java:4568)
	at reactor.core.publisher.FluxOnErrorResume$ResumeSubscriber.onError(FluxOnErrorResume.java:103)
	at reactor.core.publisher.MonoNext$NextSubscriber.onError(MonoNext.java:93)
	at reactor.core.publisher.MonoNext$NextSubscriber.onError(MonoNext.java:93)
	at org.springframework.security.test.context.support.ReactorContextTestExecutionListener$DelegateTestExecutionListener$SecuritySubContext.onError(ReactorContextTestExecutionListener.java:125)
	at reactor.core.publisher.MonoFlatMap$FlatMapMain.secondError(MonoFlatMap.java:241)
	at reactor.core.publisher.MonoFlatMap$FlatMapInner.onError(MonoFlatMap.java:315)
	at reactor.core.publisher.MonoPeekTerminal$MonoTerminalPeekSubscriber.onError(MonoPeekTerminal.java:258)
	at reactor.core.publisher.MonoCreate$DefaultMonoSink.error(MonoCreate.java:205)
	at com.mongodb.reactivestreams.client.internal.MongoOperationPublisher.lambda$sinkToCallback$33(MongoOperationPublisher.java:521)
	at com.mongodb.reactivestreams.client.internal.OperationExecutorImpl.lambda$execute$9(OperationExecutorImpl.java:126)
	at com.mongodb.internal.async.ErrorHandlingResultCallback.onResult(ErrorHandlingResultCallback.java:47)
	at com.mongodb.internal.operation.AsyncOperationHelper.lambda$exceptionTransformingCallback$16(AsyncOperationHelper.java:331)
	at com.mongodb.internal.async.function.AsyncCallbackSupplier.lambda$whenComplete$1(AsyncCallbackSupplier.java:97)
	at com.mongodb.internal.async.function.RetryingAsyncCallbackSupplier$RetryingCallback.onResult(RetryingAsyncCallbackSupplier.java:111)
	at com.mongodb.internal.async.ErrorHandlingResultCallback.onResult(ErrorHandlingResultCallback.java:47)
	at com.mongodb.internal.operation.AsyncOperationHelper.lambda$withAsyncSuppliedResource$3(AsyncOperationHelper.java:130)
	at com.mongodb.reactivestreams.client.internal.ClientSessionBinding$WrappingCallback.onResult(ClientSessionBinding.java:295)
	at com.mongodb.reactivestreams.client.internal.ClientSessionBinding$WrappingCallback.onResult(ClientSessionBinding.java:285)
	at com.mongodb.internal.binding.AsyncClusterBinding.lambda$getAsyncClusterBindingConnectionSource$1(AsyncClusterBinding.java:153)
	at com.mongodb.internal.connection.BaseCluster$ServerSelectionRequest.onResult(BaseCluster.java:405)
	at com.mongodb.internal.connection.BaseCluster.handleServerSelectionRequest(BaseCluster.java:275)
	at com.mongodb.internal.connection.BaseCluster.access$700(BaseCluster.java:69)
	at com.mongodb.internal.connection.BaseCluster$WaitQueueHandler.run(BaseCluster.java:455)
	at java.base/java.lang.Thread.run(Thread.java:842)
	Suppressed: java.lang.Exception: #block terminated with an error
		at reactor.core.publisher.BlockingSingleSubscriber.blockingGet(BlockingSingleSubscriber.java:104)
		at reactor.core.publisher.Mono.block(Mono.java:1779)
		at com.ecommerce.catalog.controller.CatalogControllerIT.setUp(CatalogControllerIT.java:57)
		at java.base/java.lang.reflect.Method.invoke(Method.java:568)
		at java.base/java.util.ArrayList.forEach(ArrayList.java:1511)
		at java.base/java.util.ArrayList.forEach(ArrayList.java:1511)
	Suppressed: org.springframework.dao.DataAccessResourceFailureException: Timed out after 30000 ms while waiting for a server that matches WritableServerSelector. Client view of cluster state is {type=UNKNOWN, servers=[{address=localhost:27017, type=UNKNOWN, state=CONNECTING, exception={com.mongodb.MongoSocketOpenException: Exception opening socket}, caused by {io.netty.channel.AbstractChannel$AnnotatedConnectException: Connection refused: no further information: localhost/[0:0:0:0:0:0:0:1]:27017}, caused by {java.net.ConnectException: Connection refused: no further information}}]
		at org.springframework.data.mongodb.core.MongoExceptionTranslator.translateExceptionIfPossible(MongoExceptionTranslator.java:88)
		at org.springframework.data.mongodb.core.ReactiveMongoTemplate.potentiallyConvertRuntimeException(ReactiveMongoTemplate.java:2763)
		at org.springframework.data.mongodb.core.ReactiveMongoTemplate.lambda$translateException$98(ReactiveMongoTemplate.java:2746)
		at reactor.core.publisher.Mono.lambda$onErrorMap$28(Mono.java:3854)
		at reactor.core.publisher.FluxOnErrorResume$ResumeSubscriber.onError(FluxOnErrorResume.java:94)
		at reactor.core.publisher.MonoFlatMap$FlatMapMain.secondError(MonoFlatMap.java:241)
		at reactor.core.publisher.MonoFlatMap$FlatMapInner.onError(MonoFlatMap.java:315)
		at reactor.core.publisher.MonoNext$NextSubscriber.onError(MonoNext.java:93)
		at org.springframework.security.test.context.support.ReactorContextTestExecutionListener$DelegateTestExecutionListener$SecuritySubContext.onError(ReactorContextTestExecutionListener.java:125)
		at reactor.core.publisher.MonoFlatMap$FlatMapMain.secondError(MonoFlatMap.java:241)
		at reactor.core.publisher.MonoFlatMap$FlatMapInner.onError(MonoFlatMap.java:315)
		at reactor.core.publisher.MonoPeekTerminal$MonoTerminalPeekSubscriber.onError(MonoPeekTerminal.java:258)
		at reactor.core.publisher.MonoCreate$DefaultMonoSink.error(MonoCreate.java:205)
		at com.mongodb.reactivestreams.client.internal.MongoOperationPublisher.lambda$sinkToCallback$33(MongoOperationPublisher.java:521)
		at com.mongodb.reactivestreams.client.internal.OperationExecutorImpl.lambda$execute$9(OperationExecutorImpl.java:126)
		at com.mongodb.internal.async.ErrorHandlingResultCallback.onResult(ErrorHandlingResultCallback.java:47)
		at com.mongodb.internal.operation.DropCollectionOperation.lambda$executeAsync$2(DropCollectionOperation.java:117)
		at com.mongodb.internal.operation.AsyncOperationHelper$AsyncCallableWithConnectionCallback.onResult(AsyncOperationHelper.java:370)
		at com.mongodb.internal.operation.AsyncOperationHelper$AsyncCallableWithConnectionCallback.onResult(AsyncOperationHelper.java:360)
		at com.mongodb.internal.async.ErrorHandlingResultCallback.onResult(ErrorHandlingResultCallback.java:47)
		... 8 more
		Suppressed: java.lang.Exception: #block terminated with an error
			at reactor.core.publisher.BlockingSingleSubscriber.blockingGet(BlockingSingleSubscriber.java:104)
			at reactor.core.publisher.Mono.block(Mono.java:1779)
			at com.ecommerce.catalog.controller.CatalogControllerIT.tearDown(CatalogControllerIT.java:62)
			at java.base/java.lang.reflect.Method.invoke(Method.java:568)
			at java.base/java.util.ArrayList.forEach(ArrayList.java:1511)
			at java.base/java.util.ArrayList.forEach(ArrayList.java:1511)
	Caused by: com.mongodb.MongoTimeoutException: Timed out after 30000 ms while waiting for a server that matches WritableServerSelector. Client view of cluster state is {type=UNKNOWN, servers=[{address=localhost:27017, type=UNKNOWN, state=CONNECTING, exception={com.mongodb.MongoSocketOpenException: Exception opening socket}, caused by {io.netty.channel.AbstractChannel$AnnotatedConnectException: Connection refused: no further information: localhost/[0:0:0:0:0:0:0:1]:27017}, caused by {java.net.ConnectException: Connection refused: no further information}}]
		at com.mongodb.internal.connection.BaseCluster.createTimeoutException(BaseCluster.java:380)
		... 4 more
Caused by: com.mongodb.MongoTimeoutException: Timed out after 30000 ms while waiting for a server that matches WritableServerSelector. Client view of cluster state is {type=UNKNOWN, servers=[{address=localhost:27017, type=UNKNOWN, state=CONNECTING, exception={com.mongodb.MongoSocketOpenException: Exception opening socket}, caused by {io.netty.channel.AbstractChannel$AnnotatedConnectException: Connection refused: no further information: localhost/[0:0:0:0:0:0:0:1]:27017}, caused by {java.net.ConnectException: Connection refused: no further information}}]
	at com.mongodb.internal.connection.BaseCluster.createTimeoutException(BaseCluster.java:380)
	... 4 more

com.ecommerce.catalog.controller.CatalogControllerIT.getProductById_found_returns200 -- Time elapsed: 60.03 s <<< ERROR!
org.springframework.dao.DataAccessResourceFailureException: Timed out after 30000 ms while waiting for a server that matches WritableServerSelector. Client view of cluster state is {type=UNKNOWN, servers=[{address=localhost:27017, type=UNKNOWN, state=CONNECTING, exception={com.mongodb.MongoSocketOpenException: Exception opening socket}, caused by {io.netty.channel.AbstractChannel$AnnotatedConnectException: Connection refused: no further information: localhost/[0:0:0:0:0:0:0:1]:27017}, caused by {java.net.ConnectException: Connection refused: no further information}}]
	at org.springframework.data.mongodb.core.MongoExceptionTranslator.translateExceptionIfPossible(MongoExceptionTranslator.java:88)
	at org.springframework.data.mongodb.core.ReactiveMongoTemplate.potentiallyConvertRuntimeException(ReactiveMongoTemplate.java:2763)
	at org.springframework.data.mongodb.core.ReactiveMongoTemplate.lambda$translateException$98(ReactiveMongoTemplate.java:2746)
	at reactor.core.publisher.Flux.lambda$onErrorMap$27(Flux.java:7267)
	at reactor.core.publisher.FluxOnErrorResume$ResumeSubscriber.onError(FluxOnErrorResume.java:94)
	at reactor.core.publisher.MonoFlatMapMany$FlatMapManyInner.onError(MonoFlatMapMany.java:256)
	at org.springframework.security.test.context.support.ReactorContextTestExecutionListener$DelegateTestExecutionListener$SecuritySubContext.onError(ReactorContextTestExecutionListener.java:125)
	at reactor.core.publisher.FluxMap$MapSubscriber.onError(FluxMap.java:134)
	at reactor.core.publisher.FluxOnErrorResume$ResumeSubscriber.onError(FluxOnErrorResume.java:106)
	at org.springframework.security.test.context.support.ReactorContextTestExecutionListener$DelegateTestExecutionListener$SecuritySubContext.onError(ReactorContextTestExecutionListener.java:125)
	at reactor.core.publisher.Operators.error(Operators.java:198)
	at reactor.core.publisher.MonoError.subscribe(MonoError.java:53)
	at reactor.core.publisher.Mono.subscribe(Mono.java:4568)
	at reactor.core.publisher.FluxOnErrorResume$ResumeSubscriber.onError(FluxOnErrorResume.java:103)
	at reactor.core.publisher.MonoNext$NextSubscriber.onError(MonoNext.java:93)
	at reactor.core.publisher.MonoNext$NextSubscriber.onError(MonoNext.java:93)
	at org.springframework.security.test.context.support.ReactorContextTestExecutionListener$DelegateTestExecutionListener$SecuritySubContext.onError(ReactorContextTestExecutionListener.java:125)
	at reactor.core.publisher.MonoFlatMap$FlatMapMain.secondError(MonoFlatMap.java:241)
	at reactor.core.publisher.MonoFlatMap$FlatMapInner.onError(MonoFlatMap.java:315)
	at reactor.core.publisher.MonoPeekTerminal$MonoTerminalPeekSubscriber.onError(MonoPeekTerminal.java:258)
	at reactor.core.publisher.MonoCreate$DefaultMonoSink.error(MonoCreate.java:205)
	at com.mongodb.reactivestreams.client.internal.MongoOperationPublisher.lambda$sinkToCallback$33(MongoOperationPublisher.java:521)
	at com.mongodb.reactivestreams.client.internal.OperationExecutorImpl.lambda$execute$9(OperationExecutorImpl.java:126)
	at com.mongodb.internal.async.ErrorHandlingResultCallback.onResult(ErrorHandlingResultCallback.java:47)
	at com.mongodb.internal.operation.AsyncOperationHelper.lambda$exceptionTransformingCallback$16(AsyncOperationHelper.java:331)
	at com.mongodb.internal.async.function.AsyncCallbackSupplier.lambda$whenComplete$1(AsyncCallbackSupplier.java:97)
	at com.mongodb.internal.async.function.RetryingAsyncCallbackSupplier$RetryingCallback.onResult(RetryingAsyncCallbackSupplier.java:111)
	at com.mongodb.internal.async.ErrorHandlingResultCallback.onResult(ErrorHandlingResultCallback.java:47)
	at com.mongodb.internal.operation.AsyncOperationHelper.lambda$withAsyncSuppliedResource$3(AsyncOperationHelper.java:130)
	at com.mongodb.reactivestreams.client.internal.ClientSessionBinding$WrappingCallback.onResult(ClientSessionBinding.java:295)
	at com.mongodb.reactivestreams.client.internal.ClientSessionBinding$WrappingCallback.onResult(ClientSessionBinding.java:285)
	at com.mongodb.internal.binding.AsyncClusterBinding.lambda$getAsyncClusterBindingConnectionSource$1(AsyncClusterBinding.java:153)
	at com.mongodb.internal.connection.BaseCluster$ServerSelectionRequest.onResult(BaseCluster.java:405)
	at com.mongodb.internal.connection.BaseCluster.handleServerSelectionRequest(BaseCluster.java:275)
	at com.mongodb.internal.connection.BaseCluster.access$700(BaseCluster.java:69)
	at com.mongodb.internal.connection.BaseCluster$WaitQueueHandler.run(BaseCluster.java:455)
	at java.base/java.lang.Thread.run(Thread.java:842)
	Suppressed: java.lang.Exception: #block terminated with an error
		at reactor.core.publisher.BlockingSingleSubscriber.blockingGet(BlockingSingleSubscriber.java:104)
		at reactor.core.publisher.Mono.block(Mono.java:1779)
		at com.ecommerce.catalog.controller.CatalogControllerIT.setUp(CatalogControllerIT.java:57)
		at java.base/java.lang.reflect.Method.invoke(Method.java:568)
		at java.base/java.util.ArrayList.forEach(ArrayList.java:1511)
		at java.base/java.util.ArrayList.forEach(ArrayList.java:1511)
	Suppressed: org.springframework.dao.DataAccessResourceFailureException: Timed out after 30000 ms while waiting for a server that matches WritableServerSelector. Client view of cluster state is {type=UNKNOWN, servers=[{address=localhost:27017, type=UNKNOWN, state=CONNECTING, exception={com.mongodb.MongoSocketOpenException: Exception opening socket}, caused by {io.netty.channel.AbstractChannel$AnnotatedConnectException: Connection refused: no further information: localhost/[0:0:0:0:0:0:0:1]:27017}, caused by {java.net.ConnectException: Connection refused: no further information}}]
		at org.springframework.data.mongodb.core.MongoExceptionTranslator.translateExceptionIfPossible(MongoExceptionTranslator.java:88)
		at org.springframework.data.mongodb.core.ReactiveMongoTemplate.potentiallyConvertRuntimeException(ReactiveMongoTemplate.java:2763)
		at org.springframework.data.mongodb.core.ReactiveMongoTemplate.lambda$translateException$98(ReactiveMongoTemplate.java:2746)
		at reactor.core.publisher.Mono.lambda$onErrorMap$28(Mono.java:3854)
		at reactor.core.publisher.FluxOnErrorResume$ResumeSubscriber.onError(FluxOnErrorResume.java:94)
		at reactor.core.publisher.MonoFlatMap$FlatMapMain.secondError(MonoFlatMap.java:241)
		at reactor.core.publisher.MonoFlatMap$FlatMapInner.onError(MonoFlatMap.java:315)
		at reactor.core.publisher.MonoNext$NextSubscriber.onError(MonoNext.java:93)
		at org.springframework.security.test.context.support.ReactorContextTestExecutionListener$DelegateTestExecutionListener$SecuritySubContext.onError(ReactorContextTestExecutionListener.java:125)
		at reactor.core.publisher.MonoFlatMap$FlatMapMain.secondError(MonoFlatMap.java:241)
		at reactor.core.publisher.MonoFlatMap$FlatMapInner.onError(MonoFlatMap.java:315)
		at reactor.core.publisher.MonoPeekTerminal$MonoTerminalPeekSubscriber.onError(MonoPeekTerminal.java:258)
		at reactor.core.publisher.MonoCreate$DefaultMonoSink.error(MonoCreate.java:205)
		at com.mongodb.reactivestreams.client.internal.MongoOperationPublisher.lambda$sinkToCallback$33(MongoOperationPublisher.java:521)
		at com.mongodb.reactivestreams.client.internal.OperationExecutorImpl.lambda$execute$9(OperationExecutorImpl.java:126)
		at com.mongodb.internal.async.ErrorHandlingResultCallback.onResult(ErrorHandlingResultCallback.java:47)
		at com.mongodb.internal.operation.DropCollectionOperation.lambda$executeAsync$2(DropCollectionOperation.java:117)
		at com.mongodb.internal.operation.AsyncOperationHelper$AsyncCallableWithConnectionCallback.onResult(AsyncOperationHelper.java:370)
		at com.mongodb.internal.operation.AsyncOperationHelper$AsyncCallableWithConnectionCallback.onResult(AsyncOperationHelper.java:360)
		at com.mongodb.internal.async.ErrorHandlingResultCallback.onResult(ErrorHandlingResultCallback.java:47)
		... 8 more
		Suppressed: java.lang.Exception: #block terminated with an error
			at reactor.core.publisher.BlockingSingleSubscriber.blockingGet(BlockingSingleSubscriber.java:104)
			at reactor.core.publisher.Mono.block(Mono.java:1779)
			at com.ecommerce.catalog.controller.CatalogControllerIT.tearDown(CatalogControllerIT.java:62)
			at java.base/java.lang.reflect.Method.invoke(Method.java:568)
			at java.base/java.util.ArrayList.forEach(ArrayList.java:1511)
			at java.base/java.util.ArrayList.forEach(ArrayList.java:1511)
	Caused by: com.mongodb.MongoTimeoutException: Timed out after 30000 ms while waiting for a server that matches WritableServerSelector. Client view of cluster state is {type=UNKNOWN, servers=[{address=localhost:27017, type=UNKNOWN, state=CONNECTING, exception={com.mongodb.MongoSocketOpenException: Exception opening socket}, caused by {io.netty.channel.AbstractChannel$AnnotatedConnectException: Connection refused: no further information: localhost/[0:0:0:0:0:0:0:1]:27017}, caused by {java.net.ConnectException: Connection refused: no further information}}]
		at com.mongodb.internal.connection.BaseCluster.createTimeoutException(BaseCluster.java:380)
		... 4 more
Caused by: com.mongodb.MongoTimeoutException: Timed out after 30000 ms while waiting for a server that matches WritableServerSelector. Client view of cluster state is {type=UNKNOWN, servers=[{address=localhost:27017, type=UNKNOWN, state=CONNECTING, exception={com.mongodb.MongoSocketOpenException: Exception opening socket}, caused by {io.netty.channel.AbstractChannel$AnnotatedConnectException: Connection refused: no further information: localhost/[0:0:0:0:0:0:0:1]:27017}, caused by {java.net.ConnectException: Connection refused: no further information}}]
	at com.mongodb.internal.connection.BaseCluster.createTimeoutException(BaseCluster.java:380)
	... 4 more

com.ecommerce.catalog.controller.CatalogControllerIT.createProduct_missingName_returns400 -- Time elapsed: 60.05 s <<< ERROR!
org.springframework.dao.DataAccessResourceFailureException: Timed out after 30000 ms while waiting for a server that matches WritableServerSelector. Client view of cluster state is {type=UNKNOWN, servers=[{address=localhost:27017, type=UNKNOWN, state=CONNECTING, exception={com.mongodb.MongoSocketOpenException: Exception opening socket}, caused by {io.netty.channel.AbstractChannel$AnnotatedConnectException: Connection refused: no further information: localhost/[0:0:0:0:0:0:0:1]:27017}, caused by {java.net.ConnectException: Connection refused: no further information}}]
	at org.springframework.data.mongodb.core.MongoExceptionTranslator.translateExceptionIfPossible(MongoExceptionTranslator.java:88)
	at org.springframework.data.mongodb.core.ReactiveMongoTemplate.potentiallyConvertRuntimeException(ReactiveMongoTemplate.java:2763)
	at org.springframework.data.mongodb.core.ReactiveMongoTemplate.lambda$translateException$98(ReactiveMongoTemplate.java:2746)
	at reactor.core.publisher.Flux.lambda$onErrorMap$27(Flux.java:7267)
	at reactor.core.publisher.FluxOnErrorResume$ResumeSubscriber.onError(FluxOnErrorResume.java:94)
	at reactor.core.publisher.MonoFlatMapMany$FlatMapManyInner.onError(MonoFlatMapMany.java:256)
	at org.springframework.security.test.context.support.ReactorContextTestExecutionListener$DelegateTestExecutionListener$SecuritySubContext.onError(ReactorContextTestExecutionListener.java:125)
	at reactor.core.publisher.FluxMap$MapSubscriber.onError(FluxMap.java:134)
	at reactor.core.publisher.FluxOnErrorResume$ResumeSubscriber.onError(FluxOnErrorResume.java:106)
	at org.springframework.security.test.context.support.ReactorContextTestExecutionListener$DelegateTestExecutionListener$SecuritySubContext.onError(ReactorContextTestExecutionListener.java:125)
	at reactor.core.publisher.Operators.error(Operators.java:198)
	at reactor.core.publisher.MonoError.subscribe(MonoError.java:53)
	at reactor.core.publisher.Mono.subscribe(Mono.java:4568)
	at reactor.core.publisher.FluxOnErrorResume$ResumeSubscriber.onError(FluxOnErrorResume.java:103)
	at reactor.core.publisher.MonoNext$NextSubscriber.onError(MonoNext.java:93)
	at reactor.core.publisher.MonoNext$NextSubscriber.onError(MonoNext.java:93)
	at org.springframework.security.test.context.support.ReactorContextTestExecutionListener$DelegateTestExecutionListener$SecuritySubContext.onError(ReactorContextTestExecutionListener.java:125)
	at reactor.core.publisher.MonoFlatMap$FlatMapMain.secondError(MonoFlatMap.java:241)
	at reactor.core.publisher.MonoFlatMap$FlatMapInner.onError(MonoFlatMap.java:315)
	at reactor.core.publisher.MonoPeekTerminal$MonoTerminalPeekSubscriber.onError(MonoPeekTerminal.java:258)
	at reactor.core.publisher.MonoCreate$DefaultMonoSink.error(MonoCreate.java:205)
	at com.mongodb.reactivestreams.client.internal.MongoOperationPublisher.lambda$sinkToCallback$33(MongoOperationPublisher.java:521)
	at com.mongodb.reactivestreams.client.internal.OperationExecutorImpl.lambda$execute$9(OperationExecutorImpl.java:126)
	at com.mongodb.internal.async.ErrorHandlingResultCallback.onResult(ErrorHandlingResultCallback.java:47)
	at com.mongodb.internal.operation.AsyncOperationHelper.lambda$exceptionTransformingCallback$16(AsyncOperationHelper.java:331)
	at com.mongodb.internal.async.function.AsyncCallbackSupplier.lambda$whenComplete$1(AsyncCallbackSupplier.java:97)
	at com.mongodb.internal.async.function.RetryingAsyncCallbackSupplier$RetryingCallback.onResult(RetryingAsyncCallbackSupplier.java:111)
	at com.mongodb.internal.async.ErrorHandlingResultCallback.onResult(ErrorHandlingResultCallback.java:47)
	at com.mongodb.internal.operation.AsyncOperationHelper.lambda$withAsyncSuppliedResource$3(AsyncOperationHelper.java:130)
	at com.mongodb.reactivestreams.client.internal.ClientSessionBinding$WrappingCallback.onResult(ClientSessionBinding.java:295)
	at com.mongodb.reactivestreams.client.internal.ClientSessionBinding$WrappingCallback.onResult(ClientSessionBinding.java:285)
	at com.mongodb.internal.binding.AsyncClusterBinding.lambda$getAsyncClusterBindingConnectionSource$1(AsyncClusterBinding.java:153)
	at com.mongodb.internal.connection.BaseCluster$ServerSelectionRequest.onResult(BaseCluster.java:405)
	at com.mongodb.internal.connection.BaseCluster.handleServerSelectionRequest(BaseCluster.java:275)
	at com.mongodb.internal.connection.BaseCluster.access$700(BaseCluster.java:69)
	at com.mongodb.internal.connection.BaseCluster$WaitQueueHandler.run(BaseCluster.java:455)
	at java.base/java.lang.Thread.run(Thread.java:842)
	Suppressed: java.lang.Exception: #block terminated with an error
		at reactor.core.publisher.BlockingSingleSubscriber.blockingGet(BlockingSingleSubscriber.java:104)
		at reactor.core.publisher.Mono.block(Mono.java:1779)
		at com.ecommerce.catalog.controller.CatalogControllerIT.setUp(CatalogControllerIT.java:57)
		at java.base/java.lang.reflect.Method.invoke(Method.java:568)
		at java.base/java.util.ArrayList.forEach(ArrayList.java:1511)
		at java.base/java.util.ArrayList.forEach(ArrayList.java:1511)
	Suppressed: org.springframework.dao.DataAccessResourceFailureException: Timed out after 30000 ms while waiting for a server that matches WritableServerSelector. Client view of cluster state is {type=UNKNOWN, servers=[{address=localhost:27017, type=UNKNOWN, state=CONNECTING, exception={com.mongodb.MongoSocketOpenException: Exception opening socket}, caused by {io.netty.channel.AbstractChannel$AnnotatedConnectException: Connection refused: no further information: localhost/[0:0:0:0:0:0:0:1]:27017}, caused by {java.net.ConnectException: Connection refused: no further information}}]
		at org.springframework.data.mongodb.core.MongoExceptionTranslator.translateExceptionIfPossible(MongoExceptionTranslator.java:88)
		at org.springframework.data.mongodb.core.ReactiveMongoTemplate.potentiallyConvertRuntimeException(ReactiveMongoTemplate.java:2763)
		at org.springframework.data.mongodb.core.ReactiveMongoTemplate.lambda$translateException$98(ReactiveMongoTemplate.java:2746)
		at reactor.core.publisher.Mono.lambda$onErrorMap$28(Mono.java:3854)
		at reactor.core.publisher.FluxOnErrorResume$ResumeSubscriber.onError(FluxOnErrorResume.java:94)
		at reactor.core.publisher.MonoFlatMap$FlatMapMain.secondError(MonoFlatMap.java:241)
		at reactor.core.publisher.MonoFlatMap$FlatMapInner.onError(MonoFlatMap.java:315)
		at reactor.core.publisher.MonoNext$NextSubscriber.onError(MonoNext.java:93)
		at org.springframework.security.test.context.support.ReactorContextTestExecutionListener$DelegateTestExecutionListener$SecuritySubContext.onError(ReactorContextTestExecutionListener.java:125)
		at reactor.core.publisher.MonoFlatMap$FlatMapMain.secondError(MonoFlatMap.java:241)
		at reactor.core.publisher.MonoFlatMap$FlatMapInner.onError(MonoFlatMap.java:315)
		at reactor.core.publisher.MonoPeekTerminal$MonoTerminalPeekSubscriber.onError(MonoPeekTerminal.java:258)
		at reactor.core.publisher.MonoCreate$DefaultMonoSink.error(MonoCreate.java:205)
		at com.mongodb.reactivestreams.client.internal.MongoOperationPublisher.lambda$sinkToCallback$33(MongoOperationPublisher.java:521)
		at com.mongodb.reactivestreams.client.internal.OperationExecutorImpl.lambda$execute$9(OperationExecutorImpl.java:126)
		at com.mongodb.internal.async.ErrorHandlingResultCallback.onResult(ErrorHandlingResultCallback.java:47)
		at com.mongodb.internal.operation.DropCollectionOperation.lambda$executeAsync$2(DropCollectionOperation.java:117)
		at com.mongodb.internal.operation.AsyncOperationHelper$AsyncCallableWithConnectionCallback.onResult(AsyncOperationHelper.java:370)
		at com.mongodb.internal.operation.AsyncOperationHelper$AsyncCallableWithConnectionCallback.onResult(AsyncOperationHelper.java:360)
		at com.mongodb.internal.async.ErrorHandlingResultCallback.onResult(ErrorHandlingResultCallback.java:47)
		... 8 more
		Suppressed: java.lang.Exception: #block terminated with an error
			at reactor.core.publisher.BlockingSingleSubscriber.blockingGet(BlockingSingleSubscriber.java:104)
			at reactor.core.publisher.Mono.block(Mono.java:1779)
			at com.ecommerce.catalog.controller.CatalogControllerIT.tearDown(CatalogControllerIT.java:62)
			at java.base/java.lang.reflect.Method.invoke(Method.java:568)
			at java.base/java.util.ArrayList.forEach(ArrayList.java:1511)
			at java.base/java.util.ArrayList.forEach(ArrayList.java:1511)
	Caused by: com.mongodb.MongoTimeoutException: Timed out after 30000 ms while waiting for a server that matches WritableServerSelector. Client view of cluster state is {type=UNKNOWN, servers=[{address=localhost:27017, type=UNKNOWN, state=CONNECTING, exception={com.mongodb.MongoSocketOpenException: Exception opening socket}, caused by {io.netty.channel.AbstractChannel$AnnotatedConnectException: Connection refused: no further information: localhost/[0:0:0:0:0:0:0:1]:27017}, caused by {java.net.ConnectException: Connection refused: no further information}}]
		at com.mongodb.internal.connection.BaseCluster.createTimeoutException(BaseCluster.java:380)
		... 4 more
Caused by: com.mongodb.MongoTimeoutException: Timed out after 30000 ms while waiting for a server that matches WritableServerSelector. Client view of cluster state is {type=UNKNOWN, servers=[{address=localhost:27017, type=UNKNOWN, state=CONNECTING, exception={com.mongodb.MongoSocketOpenException: Exception opening socket}, caused by {io.netty.channel.AbstractChannel$AnnotatedConnectException: Connection refused: no further information: localhost/[0:0:0:0:0:0:0:1]:27017}, caused by {java.net.ConnectException: Connection refused: no further information}}]
	at com.mongodb.internal.connection.BaseCluster.createTimeoutException(BaseCluster.java:380)
	... 4 more

com.ecommerce.catalog.controller.CatalogControllerIT.deleteProduct_byAdmin_returns204 -- Time elapsed: 60.05 s <<< ERROR!
org.springframework.dao.DataAccessResourceFailureException: Timed out after 30000 ms while waiting for a server that matches WritableServerSelector. Client view of cluster state is {type=UNKNOWN, servers=[{address=localhost:27017, type=UNKNOWN, state=CONNECTING, exception={com.mongodb.MongoSocketOpenException: Exception opening socket}, caused by {io.netty.channel.AbstractChannel$AnnotatedConnectException: Connection refused: no further information: localhost/[0:0:0:0:0:0:0:1]:27017}, caused by {java.net.ConnectException: Connection refused: no further information}}]
	at org.springframework.data.mongodb.core.MongoExceptionTranslator.translateExceptionIfPossible(MongoExceptionTranslator.java:88)
	at org.springframework.data.mongodb.core.ReactiveMongoTemplate.potentiallyConvertRuntimeException(ReactiveMongoTemplate.java:2763)
	at org.springframework.data.mongodb.core.ReactiveMongoTemplate.lambda$translateException$98(ReactiveMongoTemplate.java:2746)
	at reactor.core.publisher.Flux.lambda$onErrorMap$27(Flux.java:7267)
	at reactor.core.publisher.FluxOnErrorResume$ResumeSubscriber.onError(FluxOnErrorResume.java:94)
	at reactor.core.publisher.MonoFlatMapMany$FlatMapManyInner.onError(MonoFlatMapMany.java:256)
	at org.springframework.security.test.context.support.ReactorContextTestExecutionListener$DelegateTestExecutionListener$SecuritySubContext.onError(ReactorContextTestExecutionListener.java:125)
	at reactor.core.publisher.FluxMap$MapSubscriber.onError(FluxMap.java:134)
	at reactor.core.publisher.FluxOnErrorResume$ResumeSubscriber.onError(FluxOnErrorResume.java:106)
	at org.springframework.security.test.context.support.ReactorContextTestExecutionListener$DelegateTestExecutionListener$SecuritySubContext.onError(ReactorContextTestExecutionListener.java:125)
	at reactor.core.publisher.Operators.error(Operators.java:198)
	at reactor.core.publisher.MonoError.subscribe(MonoError.java:53)
	at reactor.core.publisher.Mono.subscribe(Mono.java:4568)
	at reactor.core.publisher.FluxOnErrorResume$ResumeSubscriber.onError(FluxOnErrorResume.java:103)
	at reactor.core.publisher.MonoNext$NextSubscriber.onError(MonoNext.java:93)
	at reactor.core.publisher.MonoNext$NextSubscriber.onError(MonoNext.java:93)
	at org.springframework.security.test.context.support.ReactorContextTestExecutionListener$DelegateTestExecutionListener$SecuritySubContext.onError(ReactorContextTestExecutionListener.java:125)
	at reactor.core.publisher.MonoFlatMap$FlatMapMain.secondError(MonoFlatMap.java:241)
	at reactor.core.publisher.MonoFlatMap$FlatMapInner.onError(MonoFlatMap.java:315)
	at reactor.core.publisher.MonoPeekTerminal$MonoTerminalPeekSubscriber.onError(MonoPeekTerminal.java:258)
	at reactor.core.publisher.MonoCreate$DefaultMonoSink.error(MonoCreate.java:205)
	at com.mongodb.reactivestreams.client.internal.MongoOperationPublisher.lambda$sinkToCallback$33(MongoOperationPublisher.java:521)
	at com.mongodb.reactivestreams.client.internal.OperationExecutorImpl.lambda$execute$9(OperationExecutorImpl.java:126)
	at com.mongodb.internal.async.ErrorHandlingResultCallback.onResult(ErrorHandlingResultCallback.java:47)
	at com.mongodb.internal.operation.AsyncOperationHelper.lambda$exceptionTransformingCallback$16(AsyncOperationHelper.java:331)
	at com.mongodb.internal.async.function.AsyncCallbackSupplier.lambda$whenComplete$1(AsyncCallbackSupplier.java:97)
	at com.mongodb.internal.async.function.RetryingAsyncCallbackSupplier$RetryingCallback.onResult(RetryingAsyncCallbackSupplier.java:111)
	at com.mongodb.internal.async.ErrorHandlingResultCallback.onResult(ErrorHandlingResultCallback.java:47)
	at com.mongodb.internal.operation.AsyncOperationHelper.lambda$withAsyncSuppliedResource$3(AsyncOperationHelper.java:130)
	at com.mongodb.reactivestreams.client.internal.ClientSessionBinding$WrappingCallback.onResult(ClientSessionBinding.java:295)
	at com.mongodb.reactivestreams.client.internal.ClientSessionBinding$WrappingCallback.onResult(ClientSessionBinding.java:285)
	at com.mongodb.internal.binding.AsyncClusterBinding.lambda$getAsyncClusterBindingConnectionSource$1(AsyncClusterBinding.java:153)
	at com.mongodb.internal.connection.BaseCluster$ServerSelectionRequest.onResult(BaseCluster.java:405)
	at com.mongodb.internal.connection.BaseCluster.handleServerSelectionRequest(BaseCluster.java:275)
	at com.mongodb.internal.connection.BaseCluster.access$700(BaseCluster.java:69)
	at com.mongodb.internal.connection.BaseCluster$WaitQueueHandler.run(BaseCluster.java:455)
	at java.base/java.lang.Thread.run(Thread.java:842)
	Suppressed: java.lang.Exception: #block terminated with an error
		at reactor.core.publisher.BlockingSingleSubscriber.blockingGet(BlockingSingleSubscriber.java:104)
		at reactor.core.publisher.Mono.block(Mono.java:1779)
		at com.ecommerce.catalog.controller.CatalogControllerIT.setUp(CatalogControllerIT.java:57)
		at java.base/java.lang.reflect.Method.invoke(Method.java:568)
		at java.base/java.util.ArrayList.forEach(ArrayList.java:1511)
		at java.base/java.util.ArrayList.forEach(ArrayList.java:1511)
	Suppressed: org.springframework.dao.DataAccessResourceFailureException: Timed out after 30000 ms while waiting for a server that matches WritableServerSelector. Client view of cluster state is {type=UNKNOWN, servers=[{address=localhost:27017, type=UNKNOWN, state=CONNECTING, exception={com.mongodb.MongoSocketOpenException: Exception opening socket}, caused by {io.netty.channel.AbstractChannel$AnnotatedConnectException: Connection refused: no further information: localhost/[0:0:0:0:0:0:0:1]:27017}, caused by {java.net.ConnectException: Connection refused: no further information}}]
		at org.springframework.data.mongodb.core.MongoExceptionTranslator.translateExceptionIfPossible(MongoExceptionTranslator.java:88)
		at org.springframework.data.mongodb.core.ReactiveMongoTemplate.potentiallyConvertRuntimeException(ReactiveMongoTemplate.java:2763)
		at org.springframework.data.mongodb.core.ReactiveMongoTemplate.lambda$translateException$98(ReactiveMongoTemplate.java:2746)
		at reactor.core.publisher.Mono.lambda$onErrorMap$28(Mono.java:3854)
		at reactor.core.publisher.FluxOnErrorResume$ResumeSubscriber.onError(FluxOnErrorResume.java:94)
		at reactor.core.publisher.MonoFlatMap$FlatMapMain.secondError(MonoFlatMap.java:241)
		at reactor.core.publisher.MonoFlatMap$FlatMapInner.onError(MonoFlatMap.java:315)
		at reactor.core.publisher.MonoNext$NextSubscriber.onError(MonoNext.java:93)
		at org.springframework.security.test.context.support.ReactorContextTestExecutionListener$DelegateTestExecutionListener$SecuritySubContext.onError(ReactorContextTestExecutionListener.java:125)
		at reactor.core.publisher.MonoFlatMap$FlatMapMain.secondError(MonoFlatMap.java:241)
		at reactor.core.publisher.MonoFlatMap$FlatMapInner.onError(MonoFlatMap.java:315)
		at reactor.core.publisher.MonoPeekTerminal$MonoTerminalPeekSubscriber.onError(MonoPeekTerminal.java:258)
		at reactor.core.publisher.MonoCreate$DefaultMonoSink.error(MonoCreate.java:205)
		at com.mongodb.reactivestreams.client.internal.MongoOperationPublisher.lambda$sinkToCallback$33(MongoOperationPublisher.java:521)
		at com.mongodb.reactivestreams.client.internal.OperationExecutorImpl.lambda$execute$9(OperationExecutorImpl.java:126)
		at com.mongodb.internal.async.ErrorHandlingResultCallback.onResult(ErrorHandlingResultCallback.java:47)
		at com.mongodb.internal.operation.DropCollectionOperation.lambda$executeAsync$2(DropCollectionOperation.java:117)
		at com.mongodb.internal.operation.AsyncOperationHelper$AsyncCallableWithConnectionCallback.onResult(AsyncOperationHelper.java:370)
		at com.mongodb.internal.operation.AsyncOperationHelper$AsyncCallableWithConnectionCallback.onResult(AsyncOperationHelper.java:360)
		at com.mongodb.internal.async.ErrorHandlingResultCallback.onResult(ErrorHandlingResultCallback.java:47)
		... 8 more
		Suppressed: java.lang.Exception: #block terminated with an error
			at reactor.core.publisher.BlockingSingleSubscriber.blockingGet(BlockingSingleSubscriber.java:104)
			at reactor.core.publisher.Mono.block(Mono.java:1779)
			at com.ecommerce.catalog.controller.CatalogControllerIT.tearDown(CatalogControllerIT.java:62)
			at java.base/java.lang.reflect.Method.invoke(Method.java:568)
			at java.base/java.util.ArrayList.forEach(ArrayList.java:1511)
			at java.base/java.util.ArrayList.forEach(ArrayList.java:1511)
	Caused by: com.mongodb.MongoTimeoutException: Timed out after 30000 ms while waiting for a server that matches WritableServerSelector. Client view of cluster state is {type=UNKNOWN, servers=[{address=localhost:27017, type=UNKNOWN, state=CONNECTING, exception={com.mongodb.MongoSocketOpenException: Exception opening socket}, caused by {io.netty.channel.AbstractChannel$AnnotatedConnectException: Connection refused: no further information: localhost/[0:0:0:0:0:0:0:1]:27017}, caused by {java.net.ConnectException: Connection refused: no further information}}]
		at com.mongodb.internal.connection.BaseCluster.createTimeoutException(BaseCluster.java:380)
		... 4 more
Caused by: com.mongodb.MongoTimeoutException: Timed out after 30000 ms while waiting for a server that matches WritableServerSelector. Client view of cluster state is {type=UNKNOWN, servers=[{address=localhost:27017, type=UNKNOWN, state=CONNECTING, exception={com.mongodb.MongoSocketOpenException: Exception opening socket}, caused by {io.netty.channel.AbstractChannel$AnnotatedConnectException: Connection refused: no further information: localhost/[0:0:0:0:0:0:0:1]:27017}, caused by {java.net.ConnectException: Connection refused: no further information}}]
	at com.mongodb.internal.connection.BaseCluster.createTimeoutException(BaseCluster.java:380)
	... 4 more

com.ecommerce.catalog.controller.CatalogControllerIT.getProducts_withNameFilter_returnsFilteredList -- Time elapsed: 60.26 s <<< ERROR!
org.springframework.dao.DataAccessResourceFailureException: Timed out after 30000 ms while waiting for a server that matches WritableServerSelector. Client view of cluster state is {type=UNKNOWN, servers=[{address=localhost:27017, type=UNKNOWN, state=CONNECTING, exception={com.mongodb.MongoSocketOpenException: Exception opening socket}, caused by {io.netty.channel.AbstractChannel$AnnotatedConnectException: Connection refused: no further information: localhost/[0:0:0:0:0:0:0:1]:27017}, caused by {java.net.ConnectException: Connection refused: no further information}}]
	at org.springframework.data.mongodb.core.MongoExceptionTranslator.translateExceptionIfPossible(MongoExceptionTranslator.java:88)
	at org.springframework.data.mongodb.core.ReactiveMongoTemplate.potentiallyConvertRuntimeException(ReactiveMongoTemplate.java:2763)
	at org.springframework.data.mongodb.core.ReactiveMongoTemplate.lambda$translateException$98(ReactiveMongoTemplate.java:2746)
	at reactor.core.publisher.Flux.lambda$onErrorMap$27(Flux.java:7267)
	at reactor.core.publisher.FluxOnErrorResume$ResumeSubscriber.onError(FluxOnErrorResume.java:94)
	at reactor.core.publisher.MonoFlatMapMany$FlatMapManyInner.onError(MonoFlatMapMany.java:256)
	at org.springframework.security.test.context.support.ReactorContextTestExecutionListener$DelegateTestExecutionListener$SecuritySubContext.onError(ReactorContextTestExecutionListener.java:125)
	at reactor.core.publisher.FluxMap$MapSubscriber.onError(FluxMap.java:134)
	at reactor.core.publisher.FluxOnErrorResume$ResumeSubscriber.onError(FluxOnErrorResume.java:106)
	at org.springframework.security.test.context.support.ReactorContextTestExecutionListener$DelegateTestExecutionListener$SecuritySubContext.onError(ReactorContextTestExecutionListener.java:125)
	at reactor.core.publisher.Operators.error(Operators.java:198)
	at reactor.core.publisher.MonoError.subscribe(MonoError.java:53)
	at reactor.core.publisher.Mono.subscribe(Mono.java:4568)
	at reactor.core.publisher.FluxOnErrorResume$ResumeSubscriber.onError(FluxOnErrorResume.java:103)
	at reactor.core.publisher.MonoNext$NextSubscriber.onError(MonoNext.java:93)
	at reactor.core.publisher.MonoNext$NextSubscriber.onError(MonoNext.java:93)
	at org.springframework.security.test.context.support.ReactorContextTestExecutionListener$DelegateTestExecutionListener$SecuritySubContext.onError(ReactorContextTestExecutionListener.java:125)
	at reactor.core.publisher.MonoFlatMap$FlatMapMain.secondError(MonoFlatMap.java:241)
	at reactor.core.publisher.MonoFlatMap$FlatMapInner.onError(MonoFlatMap.java:315)
	at reactor.core.publisher.MonoPeekTerminal$MonoTerminalPeekSubscriber.onError(MonoPeekTerminal.java:258)
	at reactor.core.publisher.MonoCreate$DefaultMonoSink.error(MonoCreate.java:205)
	at com.mongodb.reactivestreams.client.internal.MongoOperationPublisher.lambda$sinkToCallback$33(MongoOperationPublisher.java:521)
	at com.mongodb.reactivestreams.client.internal.OperationExecutorImpl.lambda$execute$9(OperationExecutorImpl.java:126)
	at com.mongodb.internal.async.ErrorHandlingResultCallback.onResult(ErrorHandlingResultCallback.java:47)
	at com.mongodb.internal.operation.AsyncOperationHelper.lambda$exceptionTransformingCallback$16(AsyncOperationHelper.java:331)
	at com.mongodb.internal.async.function.AsyncCallbackSupplier.lambda$whenComplete$1(AsyncCallbackSupplier.java:97)
	at com.mongodb.internal.async.function.RetryingAsyncCallbackSupplier$RetryingCallback.onResult(RetryingAsyncCallbackSupplier.java:111)
	at com.mongodb.internal.async.ErrorHandlingResultCallback.onResult(ErrorHandlingResultCallback.java:47)
	at com.mongodb.internal.operation.AsyncOperationHelper.lambda$withAsyncSuppliedResource$3(AsyncOperationHelper.java:130)
	at com.mongodb.reactivestreams.client.internal.ClientSessionBinding$WrappingCallback.onResult(ClientSessionBinding.java:295)
	at com.mongodb.reactivestreams.client.internal.ClientSessionBinding$WrappingCallback.onResult(ClientSessionBinding.java:285)
	at com.mongodb.internal.binding.AsyncClusterBinding.lambda$getAsyncClusterBindingConnectionSource$1(AsyncClusterBinding.java:153)
	at com.mongodb.internal.connection.BaseCluster$ServerSelectionRequest.onResult(BaseCluster.java:405)
	at com.mongodb.internal.connection.BaseCluster.handleServerSelectionRequest(BaseCluster.java:275)
	at com.mongodb.internal.connection.BaseCluster.access$700(BaseCluster.java:69)
	at com.mongodb.internal.connection.BaseCluster$WaitQueueHandler.run(BaseCluster.java:455)
	at java.base/java.lang.Thread.run(Thread.java:842)
	Suppressed: java.lang.Exception: #block terminated with an error
		at reactor.core.publisher.BlockingSingleSubscriber.blockingGet(BlockingSingleSubscriber.java:104)
		at reactor.core.publisher.Mono.block(Mono.java:1779)
		at com.ecommerce.catalog.controller.CatalogControllerIT.setUp(CatalogControllerIT.java:57)
		at java.base/java.lang.reflect.Method.invoke(Method.java:568)
		at java.base/java.util.ArrayList.forEach(ArrayList.java:1511)
		at java.base/java.util.ArrayList.forEach(ArrayList.java:1511)
	Suppressed: org.springframework.dao.DataAccessResourceFailureException: Timed out after 30000 ms while waiting for a server that matches WritableServerSelector. Client view of cluster state is {type=UNKNOWN, servers=[{address=localhost:27017, type=UNKNOWN, state=CONNECTING, exception={com.mongodb.MongoSocketOpenException: Exception opening socket}, caused by {io.netty.channel.AbstractChannel$AnnotatedConnectException: Connection refused: no further information: localhost/[0:0:0:0:0:0:0:1]:27017}, caused by {java.net.ConnectException: Connection refused: no further information}}]
		at org.springframework.data.mongodb.core.MongoExceptionTranslator.translateExceptionIfPossible(MongoExceptionTranslator.java:88)
		at org.springframework.data.mongodb.core.ReactiveMongoTemplate.potentiallyConvertRuntimeException(ReactiveMongoTemplate.java:2763)
		at org.springframework.data.mongodb.core.ReactiveMongoTemplate.lambda$translateException$98(ReactiveMongoTemplate.java:2746)
		at reactor.core.publisher.Mono.lambda$onErrorMap$28(Mono.java:3854)
		at reactor.core.publisher.FluxOnErrorResume$ResumeSubscriber.onError(FluxOnErrorResume.java:94)
		at reactor.core.publisher.MonoFlatMap$FlatMapMain.secondError(MonoFlatMap.java:241)
		at reactor.core.publisher.MonoFlatMap$FlatMapInner.onError(MonoFlatMap.java:315)
		at reactor.core.publisher.MonoNext$NextSubscriber.onError(MonoNext.java:93)
		at org.springframework.security.test.context.support.ReactorContextTestExecutionListener$DelegateTestExecutionListener$SecuritySubContext.onError(ReactorContextTestExecutionListener.java:125)
		at reactor.core.publisher.MonoFlatMap$FlatMapMain.secondError(MonoFlatMap.java:241)
		at reactor.core.publisher.MonoFlatMap$FlatMapInner.onError(MonoFlatMap.java:315)
		at reactor.core.publisher.MonoPeekTerminal$MonoTerminalPeekSubscriber.onError(MonoPeekTerminal.java:258)
		at reactor.core.publisher.MonoCreate$DefaultMonoSink.error(MonoCreate.java:205)
		at com.mongodb.reactivestreams.client.internal.MongoOperationPublisher.lambda$sinkToCallback$33(MongoOperationPublisher.java:521)
		at com.mongodb.reactivestreams.client.internal.OperationExecutorImpl.lambda$execute$9(OperationExecutorImpl.java:126)
		at com.mongodb.internal.async.ErrorHandlingResultCallback.onResult(ErrorHandlingResultCallback.java:47)
		at com.mongodb.internal.operation.DropCollectionOperation.lambda$executeAsync$2(DropCollectionOperation.java:117)
		at com.mongodb.internal.operation.AsyncOperationHelper$AsyncCallableWithConnectionCallback.onResult(AsyncOperationHelper.java:370)
		at com.mongodb.internal.operation.AsyncOperationHelper$AsyncCallableWithConnectionCallback.onResult(AsyncOperationHelper.java:360)
		at com.mongodb.internal.async.ErrorHandlingResultCallback.onResult(ErrorHandlingResultCallback.java:47)
		... 8 more
		Suppressed: java.lang.Exception: #block terminated with an error
			at reactor.core.publisher.BlockingSingleSubscriber.blockingGet(BlockingSingleSubscriber.java:104)
			at reactor.core.publisher.Mono.block(Mono.java:1779)
			at com.ecommerce.catalog.controller.CatalogControllerIT.tearDown(CatalogControllerIT.java:62)
			at java.base/java.lang.reflect.Method.invoke(Method.java:568)
			at java.base/java.util.ArrayList.forEach(ArrayList.java:1511)
			at java.base/java.util.ArrayList.forEach(ArrayList.java:1511)
	Caused by: com.mongodb.MongoTimeoutException: Timed out after 30000 ms while waiting for a server that matches WritableServerSelector. Client view of cluster state is {type=UNKNOWN, servers=[{address=localhost:27017, type=UNKNOWN, state=CONNECTING, exception={com.mongodb.MongoSocketOpenException: Exception opening socket}, caused by {io.netty.channel.AbstractChannel$AnnotatedConnectException: Connection refused: no further information: localhost/[0:0:0:0:0:0:0:1]:27017}, caused by {java.net.ConnectException: Connection refused: no further information}}]
		at com.mongodb.internal.connection.BaseCluster.createTimeoutException(BaseCluster.java:380)
		... 4 more
Caused by: com.mongodb.MongoTimeoutException: Timed out after 30000 ms while waiting for a server that matches WritableServerSelector. Client view of cluster state is {type=UNKNOWN, servers=[{address=localhost:27017, type=UNKNOWN, state=CONNECTING, exception={com.mongodb.MongoSocketOpenException: Exception opening socket}, caused by {io.netty.channel.AbstractChannel$AnnotatedConnectException: Connection refused: no further information: localhost/[0:0:0:0:0:0:0:1]:27017}, caused by {java.net.ConnectException: Connection refused: no further information}}]
	at com.mongodb.internal.connection.BaseCluster.createTimeoutException(BaseCluster.java:380)
	... 4 more

com.ecommerce.catalog.controller.CatalogControllerIT.createProduct_validBody_returns200 -- Time elapsed: 60.04 s <<< ERROR!
org.springframework.dao.DataAccessResourceFailureException: Timed out after 30000 ms while waiting for a server that matches WritableServerSelector. Client view of cluster state is {type=UNKNOWN, servers=[{address=localhost:27017, type=UNKNOWN, state=CONNECTING, exception={com.mongodb.MongoSocketOpenException: Exception opening socket}, caused by {io.netty.channel.AbstractChannel$AnnotatedConnectException: Connection refused: no further information: localhost/[0:0:0:0:0:0:0:1]:27017}, caused by {java.net.ConnectException: Connection refused: no further information}}]
	at org.springframework.data.mongodb.core.MongoExceptionTranslator.translateExceptionIfPossible(MongoExceptionTranslator.java:88)
	at org.springframework.data.mongodb.core.ReactiveMongoTemplate.potentiallyConvertRuntimeException(ReactiveMongoTemplate.java:2763)
	at org.springframework.data.mongodb.core.ReactiveMongoTemplate.lambda$translateException$98(ReactiveMongoTemplate.java:2746)
	at reactor.core.publisher.Flux.lambda$onErrorMap$27(Flux.java:7267)
	at reactor.core.publisher.FluxOnErrorResume$ResumeSubscriber.onError(FluxOnErrorResume.java:94)
	at reactor.core.publisher.MonoFlatMapMany$FlatMapManyInner.onError(MonoFlatMapMany.java:256)
	at org.springframework.security.test.context.support.ReactorContextTestExecutionListener$DelegateTestExecutionListener$SecuritySubContext.onError(ReactorContextTestExecutionListener.java:125)
	at reactor.core.publisher.FluxMap$MapSubscriber.onError(FluxMap.java:134)
	at reactor.core.publisher.FluxOnErrorResume$ResumeSubscriber.onError(FluxOnErrorResume.java:106)
	at org.springframework.security.test.context.support.ReactorContextTestExecutionListener$DelegateTestExecutionListener$SecuritySubContext.onError(ReactorContextTestExecutionListener.java:125)
	at reactor.core.publisher.Operators.error(Operators.java:198)
	at reactor.core.publisher.MonoError.subscribe(MonoError.java:53)
	at reactor.core.publisher.Mono.subscribe(Mono.java:4568)
	at reactor.core.publisher.FluxOnErrorResume$ResumeSubscriber.onError(FluxOnErrorResume.java:103)
	at reactor.core.publisher.MonoNext$NextSubscriber.onError(MonoNext.java:93)
	at reactor.core.publisher.MonoNext$NextSubscriber.onError(MonoNext.java:93)
	at org.springframework.security.test.context.support.ReactorContextTestExecutionListener$DelegateTestExecutionListener$SecuritySubContext.onError(ReactorContextTestExecutionListener.java:125)
	at reactor.core.publisher.MonoFlatMap$FlatMapMain.secondError(MonoFlatMap.java:241)
	at reactor.core.publisher.MonoFlatMap$FlatMapInner.onError(MonoFlatMap.java:315)
	at reactor.core.publisher.MonoPeekTerminal$MonoTerminalPeekSubscriber.onError(MonoPeekTerminal.java:258)
	at reactor.core.publisher.MonoCreate$DefaultMonoSink.error(MonoCreate.java:205)
	at com.mongodb.reactivestreams.client.internal.MongoOperationPublisher.lambda$sinkToCallback$33(MongoOperationPublisher.java:521)
	at com.mongodb.reactivestreams.client.internal.OperationExecutorImpl.lambda$execute$9(OperationExecutorImpl.java:126)
	at com.mongodb.internal.async.ErrorHandlingResultCallback.onResult(ErrorHandlingResultCallback.java:47)
	at com.mongodb.internal.operation.AsyncOperationHelper.lambda$exceptionTransformingCallback$16(AsyncOperationHelper.java:331)
	at com.mongodb.internal.async.function.AsyncCallbackSupplier.lambda$whenComplete$1(AsyncCallbackSupplier.java:97)
	at com.mongodb.internal.async.function.RetryingAsyncCallbackSupplier$RetryingCallback.onResult(RetryingAsyncCallbackSupplier.java:111)
	at com.mongodb.internal.async.ErrorHandlingResultCallback.onResult(ErrorHandlingResultCallback.java:47)
	at com.mongodb.internal.operation.AsyncOperationHelper.lambda$withAsyncSuppliedResource$3(AsyncOperationHelper.java:130)
	at com.mongodb.reactivestreams.client.internal.ClientSessionBinding$WrappingCallback.onResult(ClientSessionBinding.java:295)
	at com.mongodb.reactivestreams.client.internal.ClientSessionBinding$WrappingCallback.onResult(ClientSessionBinding.java:285)
	at com.mongodb.internal.binding.AsyncClusterBinding.lambda$getAsyncClusterBindingConnectionSource$1(AsyncClusterBinding.java:153)
	at com.mongodb.internal.connection.BaseCluster$ServerSelectionRequest.onResult(BaseCluster.java:405)
	at com.mongodb.internal.connection.BaseCluster.handleServerSelectionRequest(BaseCluster.java:275)
	at com.mongodb.internal.connection.BaseCluster.access$700(BaseCluster.java:69)
	at com.mongodb.internal.connection.BaseCluster$WaitQueueHandler.run(BaseCluster.java:455)
	at java.base/java.lang.Thread.run(Thread.java:842)
	Suppressed: java.lang.Exception: #block terminated with an error
		at reactor.core.publisher.BlockingSingleSubscriber.blockingGet(BlockingSingleSubscriber.java:104)
		at reactor.core.publisher.Mono.block(Mono.java:1779)
		at com.ecommerce.catalog.controller.CatalogControllerIT.setUp(CatalogControllerIT.java:57)
		at java.base/java.lang.reflect.Method.invoke(Method.java:568)
		at java.base/java.util.ArrayList.forEach(ArrayList.java:1511)
		at java.base/java.util.ArrayList.forEach(ArrayList.java:1511)
	Suppressed: org.springframework.dao.DataAccessResourceFailureException: Timed out after 30000 ms while waiting for a server that matches WritableServerSelector. Client view of cluster state is {type=UNKNOWN, servers=[{address=localhost:27017, type=UNKNOWN, state=CONNECTING, exception={com.mongodb.MongoSocketOpenException: Exception opening socket}, caused by {io.netty.channel.AbstractChannel$AnnotatedConnectException: Connection refused: no further information: localhost/[0:0:0:0:0:0:0:1]:27017}, caused by {java.net.ConnectException: Connection refused: no further information}}]
		at org.springframework.data.mongodb.core.MongoExceptionTranslator.translateExceptionIfPossible(MongoExceptionTranslator.java:88)
		at org.springframework.data.mongodb.core.ReactiveMongoTemplate.potentiallyConvertRuntimeException(ReactiveMongoTemplate.java:2763)
		at org.springframework.data.mongodb.core.ReactiveMongoTemplate.lambda$translateException$98(ReactiveMongoTemplate.java:2746)
		at reactor.core.publisher.Mono.lambda$onErrorMap$28(Mono.java:3854)
		at reactor.core.publisher.FluxOnErrorResume$ResumeSubscriber.onError(FluxOnErrorResume.java:94)
		at reactor.core.publisher.MonoFlatMap$FlatMapMain.secondError(MonoFlatMap.java:241)
		at reactor.core.publisher.MonoFlatMap$FlatMapInner.onError(MonoFlatMap.java:315)
		at reactor.core.publisher.MonoNext$NextSubscriber.onError(MonoNext.java:93)
		at org.springframework.security.test.context.support.ReactorContextTestExecutionListener$DelegateTestExecutionListener$SecuritySubContext.onError(ReactorContextTestExecutionListener.java:125)
		at reactor.core.publisher.MonoFlatMap$FlatMapMain.secondError(MonoFlatMap.java:241)
		at reactor.core.publisher.MonoFlatMap$FlatMapInner.onError(MonoFlatMap.java:315)
		at reactor.core.publisher.MonoPeekTerminal$MonoTerminalPeekSubscriber.onError(MonoPeekTerminal.java:258)
		at reactor.core.publisher.MonoCreate$DefaultMonoSink.error(MonoCreate.java:205)
		at com.mongodb.reactivestreams.client.internal.MongoOperationPublisher.lambda$sinkToCallback$33(MongoOperationPublisher.java:521)
		at com.mongodb.reactivestreams.client.internal.OperationExecutorImpl.lambda$execute$9(OperationExecutorImpl.java:126)
		at com.mongodb.internal.async.ErrorHandlingResultCallback.onResult(ErrorHandlingResultCallback.java:47)
		at com.mongodb.internal.operation.DropCollectionOperation.lambda$executeAsync$2(DropCollectionOperation.java:117)
		at com.mongodb.internal.operation.AsyncOperationHelper$AsyncCallableWithConnectionCallback.onResult(AsyncOperationHelper.java:370)
		at com.mongodb.internal.operation.AsyncOperationHelper$AsyncCallableWithConnectionCallback.onResult(AsyncOperationHelper.java:360)
		at com.mongodb.internal.async.ErrorHandlingResultCallback.onResult(ErrorHandlingResultCallback.java:47)
		... 8 more
		Suppressed: java.lang.Exception: #block terminated with an error
			at reactor.core.publisher.BlockingSingleSubscriber.blockingGet(BlockingSingleSubscriber.java:104)
			at reactor.core.publisher.Mono.block(Mono.java:1779)
			at com.ecommerce.catalog.controller.CatalogControllerIT.tearDown(CatalogControllerIT.java:62)
			at java.base/java.lang.reflect.Method.invoke(Method.java:568)
			at java.base/java.util.ArrayList.forEach(ArrayList.java:1511)
			at java.base/java.util.ArrayList.forEach(ArrayList.java:1511)
	Caused by: com.mongodb.MongoTimeoutException: Timed out after 30000 ms while waiting for a server that matches WritableServerSelector. Client view of cluster state is {type=UNKNOWN, servers=[{address=localhost:27017, type=UNKNOWN, state=CONNECTING, exception={com.mongodb.MongoSocketOpenException: Exception opening socket}, caused by {io.netty.channel.AbstractChannel$AnnotatedConnectException: Connection refused: no further information: localhost/[0:0:0:0:0:0:0:1]:27017}, caused by {java.net.ConnectException: Connection refused: no further information}}]
		at com.mongodb.internal.connection.BaseCluster.createTimeoutException(BaseCluster.java:380)
		... 4 more
Caused by: com.mongodb.MongoTimeoutException: Timed out after 30000 ms while waiting for a server that matches WritableServerSelector. Client view of cluster state is {type=UNKNOWN, servers=[{address=localhost:27017, type=UNKNOWN, state=CONNECTING, exception={com.mongodb.MongoSocketOpenException: Exception opening socket}, caused by {io.netty.channel.AbstractChannel$AnnotatedConnectException: Connection refused: no further information: localhost/[0:0:0:0:0:0:0:1]:27017}, caused by {java.net.ConnectException: Connection refused: no further information}}]
	at com.mongodb.internal.connection.BaseCluster.createTimeoutException(BaseCluster.java:380)
	... 4 more

com.ecommerce.catalog.controller.CatalogControllerIT.deleteProduct_byOwner_returns204 -- Time elapsed: 60.04 s <<< ERROR!
org.springframework.dao.DataAccessResourceFailureException: Timed out after 30000 ms while waiting for a server that matches WritableServerSelector. Client view of cluster state is {type=UNKNOWN, servers=[{address=localhost:27017, type=UNKNOWN, state=CONNECTING, exception={com.mongodb.MongoSocketOpenException: Exception opening socket}, caused by {io.netty.channel.AbstractChannel$AnnotatedConnectException: Connection refused: no further information: localhost/[0:0:0:0:0:0:0:1]:27017}, caused by {java.net.ConnectException: Connection refused: no further information}}]
	at org.springframework.data.mongodb.core.MongoExceptionTranslator.translateExceptionIfPossible(MongoExceptionTranslator.java:88)
	at org.springframework.data.mongodb.core.ReactiveMongoTemplate.potentiallyConvertRuntimeException(ReactiveMongoTemplate.java:2763)
	at org.springframework.data.mongodb.core.ReactiveMongoTemplate.lambda$translateException$98(ReactiveMongoTemplate.java:2746)
	at reactor.core.publisher.Flux.lambda$onErrorMap$27(Flux.java:7267)
	at reactor.core.publisher.FluxOnErrorResume$ResumeSubscriber.onError(FluxOnErrorResume.java:94)
	at reactor.core.publisher.MonoFlatMapMany$FlatMapManyInner.onError(MonoFlatMapMany.java:256)
	at org.springframework.security.test.context.support.ReactorContextTestExecutionListener$DelegateTestExecutionListener$SecuritySubContext.onError(ReactorContextTestExecutionListener.java:125)
	at reactor.core.publisher.FluxMap$MapSubscriber.onError(FluxMap.java:134)
	at reactor.core.publisher.FluxOnErrorResume$ResumeSubscriber.onError(FluxOnErrorResume.java:106)
	at org.springframework.security.test.context.support.ReactorContextTestExecutionListener$DelegateTestExecutionListener$SecuritySubContext.onError(ReactorContextTestExecutionListener.java:125)
	at reactor.core.publisher.Operators.error(Operators.java:198)
	at reactor.core.publisher.MonoError.subscribe(MonoError.java:53)
	at reactor.core.publisher.Mono.subscribe(Mono.java:4568)
	at reactor.core.publisher.FluxOnErrorResume$ResumeSubscriber.onError(FluxOnErrorResume.java:103)
	at reactor.core.publisher.MonoNext$NextSubscriber.onError(MonoNext.java:93)
	at reactor.core.publisher.MonoNext$NextSubscriber.onError(MonoNext.java:93)
	at org.springframework.security.test.context.support.ReactorContextTestExecutionListener$DelegateTestExecutionListener$SecuritySubContext.onError(ReactorContextTestExecutionListener.java:125)
	at reactor.core.publisher.MonoFlatMap$FlatMapMain.secondError(MonoFlatMap.java:241)
	at reactor.core.publisher.MonoFlatMap$FlatMapInner.onError(MonoFlatMap.java:315)
	at reactor.core.publisher.MonoPeekTerminal$MonoTerminalPeekSubscriber.onError(MonoPeekTerminal.java:258)
	at reactor.core.publisher.MonoCreate$DefaultMonoSink.error(MonoCreate.java:205)
	at com.mongodb.reactivestreams.client.internal.MongoOperationPublisher.lambda$sinkToCallback$33(MongoOperationPublisher.java:521)
	at com.mongodb.reactivestreams.client.internal.OperationExecutorImpl.lambda$execute$9(OperationExecutorImpl.java:126)
	at com.mongodb.internal.async.ErrorHandlingResultCallback.onResult(ErrorHandlingResultCallback.java:47)
	at com.mongodb.internal.operation.AsyncOperationHelper.lambda$exceptionTransformingCallback$16(AsyncOperationHelper.java:331)
	at com.mongodb.internal.async.function.AsyncCallbackSupplier.lambda$whenComplete$1(AsyncCallbackSupplier.java:97)
	at com.mongodb.internal.async.function.RetryingAsyncCallbackSupplier$RetryingCallback.onResult(RetryingAsyncCallbackSupplier.java:111)
	at com.mongodb.internal.async.ErrorHandlingResultCallback.onResult(ErrorHandlingResultCallback.java:47)
	at com.mongodb.internal.operation.AsyncOperationHelper.lambda$withAsyncSuppliedResource$3(AsyncOperationHelper.java:130)
	at com.mongodb.reactivestreams.client.internal.ClientSessionBinding$WrappingCallback.onResult(ClientSessionBinding.java:295)
	at com.mongodb.reactivestreams.client.internal.ClientSessionBinding$WrappingCallback.onResult(ClientSessionBinding.java:285)
	at com.mongodb.internal.binding.AsyncClusterBinding.lambda$getAsyncClusterBindingConnectionSource$1(AsyncClusterBinding.java:153)
	at com.mongodb.internal.connection.BaseCluster$ServerSelectionRequest.onResult(BaseCluster.java:405)
	at com.mongodb.internal.connection.BaseCluster.handleServerSelectionRequest(BaseCluster.java:275)
	at com.mongodb.internal.connection.BaseCluster.access$700(BaseCluster.java:69)
	at com.mongodb.internal.connection.BaseCluster$WaitQueueHandler.run(BaseCluster.java:455)
	at java.base/java.lang.Thread.run(Thread.java:842)
	Suppressed: java.lang.Exception: #block terminated with an error
		at reactor.core.publisher.BlockingSingleSubscriber.blockingGet(BlockingSingleSubscriber.java:104)
		at reactor.core.publisher.Mono.block(Mono.java:1779)
		at com.ecommerce.catalog.controller.CatalogControllerIT.setUp(CatalogControllerIT.java:57)
		at java.base/java.lang.reflect.Method.invoke(Method.java:568)
		at java.base/java.util.ArrayList.forEach(ArrayList.java:1511)
		at java.base/java.util.ArrayList.forEach(ArrayList.java:1511)
	Suppressed: org.springframework.dao.DataAccessResourceFailureException: Timed out after 30000 ms while waiting for a server that matches WritableServerSelector. Client view of cluster state is {type=UNKNOWN, servers=[{address=localhost:27017, type=UNKNOWN, state=CONNECTING, exception={com.mongodb.MongoSocketOpenException: Exception opening socket}, caused by {io.netty.channel.AbstractChannel$AnnotatedConnectException: Connection refused: no further information: localhost/[0:0:0:0:0:0:0:1]:27017}, caused by {java.net.ConnectException: Connection refused: no further information}}]
		at org.springframework.data.mongodb.core.MongoExceptionTranslator.translateExceptionIfPossible(MongoExceptionTranslator.java:88)
		at org.springframework.data.mongodb.core.ReactiveMongoTemplate.potentiallyConvertRuntimeException(ReactiveMongoTemplate.java:2763)
		at org.springframework.data.mongodb.core.ReactiveMongoTemplate.lambda$translateException$98(ReactiveMongoTemplate.java:2746)
		at reactor.core.publisher.Mono.lambda$onErrorMap$28(Mono.java:3854)
		at reactor.core.publisher.FluxOnErrorResume$ResumeSubscriber.onError(FluxOnErrorResume.java:94)
		at reactor.core.publisher.MonoFlatMap$FlatMapMain.secondError(MonoFlatMap.java:241)
		at reactor.core.publisher.MonoFlatMap$FlatMapInner.onError(MonoFlatMap.java:315)
		at reactor.core.publisher.MonoNext$NextSubscriber.onError(MonoNext.java:93)
		at org.springframework.security.test.context.support.ReactorContextTestExecutionListener$DelegateTestExecutionListener$SecuritySubContext.onError(ReactorContextTestExecutionListener.java:125)
		at reactor.core.publisher.MonoFlatMap$FlatMapMain.secondError(MonoFlatMap.java:241)
		at reactor.core.publisher.MonoFlatMap$FlatMapInner.onError(MonoFlatMap.java:315)
		at reactor.core.publisher.MonoPeekTerminal$MonoTerminalPeekSubscriber.onError(MonoPeekTerminal.java:258)
		at reactor.core.publisher.MonoCreate$DefaultMonoSink.error(MonoCreate.java:205)
		at com.mongodb.reactivestreams.client.internal.MongoOperationPublisher.lambda$sinkToCallback$33(MongoOperationPublisher.java:521)
		at com.mongodb.reactivestreams.client.internal.OperationExecutorImpl.lambda$execute$9(OperationExecutorImpl.java:126)
		at com.mongodb.internal.async.ErrorHandlingResultCallback.onResult(ErrorHandlingResultCallback.java:47)
		at com.mongodb.internal.operation.DropCollectionOperation.lambda$executeAsync$2(DropCollectionOperation.java:117)
		at com.mongodb.internal.operation.AsyncOperationHelper$AsyncCallableWithConnectionCallback.onResult(AsyncOperationHelper.java:370)
		at com.mongodb.internal.operation.AsyncOperationHelper$AsyncCallableWithConnectionCallback.onResult(AsyncOperationHelper.java:360)
		at com.mongodb.internal.async.ErrorHandlingResultCallback.onResult(ErrorHandlingResultCallback.java:47)
		... 8 more
		Suppressed: java.lang.Exception: #block terminated with an error
			at reactor.core.publisher.BlockingSingleSubscriber.blockingGet(BlockingSingleSubscriber.java:104)
			at reactor.core.publisher.Mono.block(Mono.java:1779)
			at com.ecommerce.catalog.controller.CatalogControllerIT.tearDown(CatalogControllerIT.java:62)
			at java.base/java.lang.reflect.Method.invoke(Method.java:568)
			at java.base/java.util.ArrayList.forEach(ArrayList.java:1511)
			at java.base/java.util.ArrayList.forEach(ArrayList.java:1511)
	Caused by: com.mongodb.MongoTimeoutException: Timed out after 30000 ms while waiting for a server that matches WritableServerSelector. Client view of cluster state is {type=UNKNOWN, servers=[{address=localhost:27017, type=UNKNOWN, state=CONNECTING, exception={com.mongodb.MongoSocketOpenException: Exception opening socket}, caused by {io.netty.channel.AbstractChannel$AnnotatedConnectException: Connection refused: no further information: localhost/[0:0:0:0:0:0:0:1]:27017}, caused by {java.net.ConnectException: Connection refused: no further information}}]
		at com.mongodb.internal.connection.BaseCluster.createTimeoutException(BaseCluster.java:380)
		... 4 more
Caused by: com.mongodb.MongoTimeoutException: Timed out after 30000 ms while waiting for a server that matches WritableServerSelector. Client view of cluster state is {type=UNKNOWN, servers=[{address=localhost:27017, type=UNKNOWN, state=CONNECTING, exception={com.mongodb.MongoSocketOpenException: Exception opening socket}, caused by {io.netty.channel.AbstractChannel$AnnotatedConnectException: Connection refused: no further information: localhost/[0:0:0:0:0:0:0:1]:27017}, caused by {java.net.ConnectException: Connection refused: no further information}}]
	at com.mongodb.internal.connection.BaseCluster.createTimeoutException(BaseCluster.java:380)
	... 4 more

com.ecommerce.catalog.controller.CatalogControllerIT.deleteProduct_byOtherUser_returns403 -- Time elapsed: 60.03 s <<< ERROR!
org.springframework.dao.DataAccessResourceFailureException: Timed out after 30000 ms while waiting for a server that matches WritableServerSelector. Client view of cluster state is {type=UNKNOWN, servers=[{address=localhost:27017, type=UNKNOWN, state=CONNECTING, exception={com.mongodb.MongoSocketOpenException: Exception opening socket}, caused by {io.netty.channel.AbstractChannel$AnnotatedConnectException: Connection refused: no further information: localhost/[0:0:0:0:0:0:0:1]:27017}, caused by {java.net.ConnectException: Connection refused: no further information}}]
	at org.springframework.data.mongodb.core.MongoExceptionTranslator.translateExceptionIfPossible(MongoExceptionTranslator.java:88)
	at org.springframework.data.mongodb.core.ReactiveMongoTemplate.potentiallyConvertRuntimeException(ReactiveMongoTemplate.java:2763)
[...]
	at com.mongodb.internal.connection.BaseCluster.createTimeoutException(BaseCluster.java:380)
	... 4 more

com.ecommerce.catalog.controller.CatalogControllerIT.updateProduct_byOtherUser_returns403 -- Time elapsed: 60.02 s <<< ERROR!
org.springframework.dao.DataAccessResourceFailureException: Timed out after 30000 ms while waiting for a server that matches WritableServerSelector. Client view of cluster state is {type=UNKNOWN, servers=[{address=localhost:27017, type=UNKNOWN, state=CONNECTING, exception={com.mongodb.MongoSocketOpenException: Exception opening socket}, caused by {io.netty.channel.AbstractChannel$AnnotatedConnectException: Connection refused: no further information: localhost/[0:0:0:0:0:0:0:1]:27017}, caused by {java.net.ConnectException: Connection refused: no further information}}]
	at org.springframework.data.mongodb.core.MongoExceptionTranslator.translateExceptionIfPossible(MongoExceptionTranslator.java:88)
	at org.springframework.data.mongodb.core.ReactiveMongoTemplate.potentiallyConvertRuntimeException(ReactiveMongoTemplate.java:2763)
	at org.springframework.data.mongodb.core.ReactiveMongoTemplate.lambda$translateException$98(ReactiveMongoTemplate.java:2746)
	at reactor.core.publisher.Flux.lambda$onErrorMap$27(Flux.java:7267)
	at reactor.core.publisher.FluxOnErrorResume$ResumeSubscriber.onError(FluxOnErrorResume.java:94)
	at reactor.core.publisher.MonoFlatMapMany$FlatMapManyInner.onError(MonoFlatMapMany.java:256)
	at org.springframework.security.test.context.support.ReactorContextTestExecutionListener$DelegateTestExecutionListener$SecuritySubContext.onError(ReactorContextTestExecutionListener.java:125)
	at reactor.core.publisher.FluxMap$MapSubscriber.onError(FluxMap.java:134)
	at reactor.core.publisher.FluxOnErrorResume$ResumeSubscriber.onError(FluxOnErrorResume.java:106)
	at org.springframework.security.test.context.support.ReactorContextTestExecutionListener$DelegateTestExecutionListener$SecuritySubContext.onError(ReactorContextTestExecutionListener.java:125)
	at reactor.core.publisher.Operators.error(Operators.java:198)
	at reactor.core.publisher.MonoError.subscribe(MonoError.java:53)
	at reactor.core.publisher.Mono.subscribe(Mono.java:4568)
	at reactor.core.publisher.FluxOnErrorResume$ResumeSubscriber.onError(FluxOnErrorResume.java:103)
	at reactor.core.publisher.MonoNext$NextSubscriber.onError(MonoNext.java:93)
	at reactor.core.publisher.MonoNext$NextSubscriber.onError(MonoNext.java:93)
	at org.springframework.security.test.context.support.ReactorContextTestExecutionListener$DelegateTestExecutionListener$SecuritySubContext.onError(ReactorContextTestExecutionListener.java:125)
	at reactor.core.publisher.MonoFlatMap$FlatMapMain.secondError(MonoFlatMap.java:241)
	at reactor.core.publisher.MonoFlatMap$FlatMapInner.onError(MonoFlatMap.java:315)
	at reactor.core.publisher.MonoPeekTerminal$MonoTerminalPeekSubscriber.onError(MonoPeekTerminal.java:258)
	at reactor.core.publisher.MonoCreate$DefaultMonoSink.error(MonoCreate.java:205)
	at com.mongodb.reactivestreams.client.internal.MongoOperationPublisher.lambda$sinkToCallback$33(MongoOperationPublisher.java:521)
	at com.mongodb.reactivestreams.client.internal.OperationExecutorImpl.lambda$execute$9(OperationExecutorImpl.java:126)
	at com.mongodb.internal.async.ErrorHandlingResultCallback.onResult(ErrorHandlingResultCallback.java:47)
	at com.mongodb.internal.operation.AsyncOperationHelper.lambda$exceptionTransformingCallback$16(AsyncOperationHelper.java:331)
	at com.mongodb.internal.async.function.AsyncCallbackSupplier.lambda$whenComplete$1(AsyncCallbackSupplier.java:97)
	at com.mongodb.internal.async.function.RetryingAsyncCallbackSupplier$RetryingCallback.onResult(RetryingAsyncCallbackSupplier.java:111)
	at com.mongodb.internal.async.ErrorHandlingResultCallback.onResult(ErrorHandlingResultCallback.java:47)
	at com.mongodb.internal.operation.AsyncOperationHelper.lambda$withAsyncSuppliedResource$3(AsyncOperationHelper.java:130)
	at com.mongodb.reactivestreams.client.internal.ClientSessionBinding$WrappingCallback.onResult(ClientSessionBinding.java:295)
	at com.mongodb.reactivestreams.client.internal.ClientSessionBinding$WrappingCallback.onResult(ClientSessionBinding.java:285)
	at com.mongodb.internal.binding.AsyncClusterBinding.lambda$getAsyncClusterBindingConnectionSource$1(AsyncClusterBinding.java:153)
	at com.mongodb.internal.connection.BaseCluster$ServerSelectionRequest.onResult(BaseCluster.java:405)
	at com.mongodb.internal.connection.BaseCluster.handleServerSelectionRequest(BaseCluster.java:275)
	at com.mongodb.internal.connection.BaseCluster.access$700(BaseCluster.java:69)
	at com.mongodb.internal.connection.BaseCluster$WaitQueueHandler.run(BaseCluster.java:455)
	at java.base/java.lang.Thread.run(Thread.java:842)
	Suppressed: java.lang.Exception: #block terminated with an error
		at reactor.core.publisher.BlockingSingleSubscriber.blockingGet(BlockingSingleSubscriber.java:104)
		at reactor.core.publisher.Mono.block(Mono.java:1779)
		at com.ecommerce.catalog.controller.CatalogControllerIT.setUp(CatalogControllerIT.java:57)
		at java.base/java.lang.reflect.Method.invoke(Method.java:568)
		at java.base/java.util.ArrayList.forEach(ArrayList.java:1511)
		at java.base/java.util.ArrayList.forEach(ArrayList.java:1511)
	Suppressed: org.springframework.dao.DataAccessResourceFailureException: Timed out after 30000 ms while waiting for a server that matches WritableServerSelector. Client view of cluster state is {type=UNKNOWN, servers=[{address=localhost:27017, type=UNKNOWN, state=CONNECTING, exception={com.mongodb.MongoSocketOpenException: Exception opening socket}, caused by {io.netty.channel.AbstractChannel$AnnotatedConnectException: Connection refused: no further information: localhost/[0:0:0:0:0:0:0:1]:27017}, caused by {java.net.ConnectException: Connection refused: no further information}}]
		at org.springframework.data.mongodb.core.MongoExceptionTranslator.translateExceptionIfPossible(MongoExceptionTranslator.java:88)
		at org.springframework.data.mongodb.core.ReactiveMongoTemplate.potentiallyConvertRuntimeException(ReactiveMongoTemplate.java:2763)
		at org.springframework.data.mongodb.core.ReactiveMongoTemplate.lambda$translateException$98(ReactiveMongoTemplate.java:2746)
		at reactor.core.publisher.Mono.lambda$onErrorMap$28(Mono.java:3854)
		at reactor.core.publisher.FluxOnErrorResume$ResumeSubscriber.onError(FluxOnErrorResume.java:94)
		at reactor.core.publisher.MonoFlatMap$FlatMapMain.secondError(MonoFlatMap.java:241)
		at reactor.core.publisher.MonoFlatMap$FlatMapInner.onError(MonoFlatMap.java:315)
		at reactor.core.publisher.MonoNext$NextSubscriber.onError(MonoNext.java:93)
		at org.springframework.security.test.context.support.ReactorContextTestExecutionListener$DelegateTestExecutionListener$SecuritySubContext.onError(ReactorContextTestExecutionListener.java:125)
		at reactor.core.publisher.MonoFlatMap$FlatMapMain.secondError(MonoFlatMap.java:241)
		at reactor.core.publisher.MonoFlatMap$FlatMapInner.onError(MonoFlatMap.java:315)
		at reactor.core.publisher.MonoPeekTerminal$MonoTerminalPeekSubscriber.onError(MonoPeekTerminal.java:258)
		at reactor.core.publisher.MonoCreate$DefaultMonoSink.error(MonoCreate.java:205)
		at com.mongodb.reactivestreams.client.internal.MongoOperationPublisher.lambda$sinkToCallback$33(MongoOperationPublisher.java:521)
		at com.mongodb.reactivestreams.client.internal.OperationExecutorImpl.lambda$execute$9(OperationExecutorImpl.java:126)
		at com.mongodb.internal.async.ErrorHandlingResultCallback.onResult(ErrorHandlingResultCallback.java:47)
		at com.mongodb.internal.operation.DropCollectionOperation.lambda$executeAsync$2(DropCollectionOperation.java:117)
		at com.mongodb.internal.operation.AsyncOperationHelper$AsyncCallableWithConnectionCallback.onResult(AsyncOperationHelper.java:370)
		at com.mongodb.internal.operation.AsyncOperationHelper$AsyncCallableWithConnectionCallback.onResult(AsyncOperationHelper.java:360)
		at com.mongodb.internal.async.ErrorHandlingResultCallback.onResult(ErrorHandlingResultCallback.java:47)
		... 8 more
		Suppressed: java.lang.Exception: #block terminated with an error
			at reactor.core.publisher.BlockingSingleSubscriber.blockingGet(BlockingSingleSubscriber.java:104)
			at reactor.core.publisher.Mono.block(Mono.java:1779)
			at com.ecommerce.catalog.controller.CatalogControllerIT.tearDown(CatalogControllerIT.java:62)
			at java.base/java.lang.reflect.Method.invoke(Method.java:568)
			at java.base/java.util.ArrayList.forEach(ArrayList.java:1511)
			at java.base/java.util.ArrayList.forEach(ArrayList.java:1511)
	Caused by: com.mongodb.MongoTimeoutException: Timed out after 30000 ms while waiting for a server that matches WritableServerSelector. Client view of cluster state is {type=UNKNOWN, servers=[{address=localhost:27017, type=UNKNOWN, state=CONNECTING, exception={com.mongodb.MongoSocketOpenException: Exception opening socket}, caused by {io.netty.channel.AbstractChannel$AnnotatedConnectException: Connection refused: no further information: localhost/[0:0:0:0:0:0:0:1]:27017}, caused by {java.net.ConnectException: Connection refused: no further information}}]
		at com.mongodb.internal.connection.BaseCluster.createTimeoutException(BaseCluster.java:380)
		... 4 more
Caused by: com.mongodb.MongoTimeoutException: Timed out after 30000 ms while waiting for a server that matches WritableServerSelector. Client view of cluster state is {type=UNKNOWN, servers=[{address=localhost:27017, type=UNKNOWN, state=CONNECTING, exception={com.mongodb.MongoSocketOpenException: Exception opening socket}, caused by {io.netty.channel.AbstractChannel$AnnotatedConnectException: Connection refused: no further information: localhost/[0:0:0:0:0:0:0:1]:27017}, caused by {java.net.ConnectException: Connection refused: no further information}}]
	at com.mongodb.internal.connection.BaseCluster.createTimeoutException(BaseCluster.java:380)
	... 4 more

com.ecommerce.catalog.controller.CatalogControllerIT.getProductById_notFound_returnsSuccessFalse -- Time elapsed: 60.03 s <<< ERROR!
org.springframework.dao.DataAccessResourceFailureException: Timed out after 30000 ms while waiting for a server that matches WritableServerSelector. Client view of cluster state is {type=UNKNOWN, servers=[{address=localhost:27017, type=UNKNOWN, state=CONNECTING, exception={com.mongodb.MongoSocketOpenException: Exception opening socket}, caused by {io.netty.channel.AbstractChannel$AnnotatedConnectException: Connection refused: no further information: localhost/[0:0:0:0:0:0:0:1]:27017}, caused by {java.net.ConnectException: Connection refused: no further information}}]
	at org.springframework.data.mongodb.core.MongoExceptionTranslator.translateExceptionIfPossible(MongoExceptionTranslator.java:88)
	at org.springframework.data.mongodb.core.ReactiveMongoTemplate.potentiallyConvertRuntimeException(ReactiveMongoTemplate.java:2763)
	at org.springframework.data.mongodb.core.ReactiveMongoTemplate.lambda$translateException$98(ReactiveMongoTemplate.java:2746)
	at reactor.core.publisher.Flux.lambda$onErrorMap$27(Flux.java:7267)
	at reactor.core.publisher.FluxOnErrorResume$ResumeSubscriber.onError(FluxOnErrorResume.java:94)
	at reactor.core.publisher.MonoFlatMapMany$FlatMapManyInner.onError(MonoFlatMapMany.java:256)
	at org.springframework.security.test.context.support.ReactorContextTestExecutionListener$DelegateTestExecutionListener$SecuritySubContext.onError(ReactorContextTestExecutionListener.java:125)
	at reactor.core.publisher.FluxMap$MapSubscriber.onError(FluxMap.java:134)
	at reactor.core.publisher.FluxOnErrorResume$ResumeSubscriber.onError(FluxOnErrorResume.java:106)
	at org.springframework.security.test.context.support.ReactorContextTestExecutionListener$DelegateTestExecutionListener$SecuritySubContext.onError(ReactorContextTestExecutionListener.java:125)
	at reactor.core.publisher.Operators.error(Operators.java:198)
	at reactor.core.publisher.MonoError.subscribe(MonoError.java:53)
	at reactor.core.publisher.Mono.subscribe(Mono.java:4568)
	at reactor.core.publisher.FluxOnErrorResume$ResumeSubscriber.onError(FluxOnErrorResume.java:103)
	at reactor.core.publisher.MonoNext$NextSubscriber.onError(MonoNext.java:93)
	at reactor.core.publisher.MonoNext$NextSubscriber.onError(MonoNext.java:93)
	at org.springframework.security.test.context.support.ReactorContextTestExecutionListener$DelegateTestExecutionListener$SecuritySubContext.onError(ReactorContextTestExecutionListener.java:125)
	at reactor.core.publisher.MonoFlatMap$FlatMapMain.secondError(MonoFlatMap.java:241)
	at reactor.core.publisher.MonoFlatMap$FlatMapInner.onError(MonoFlatMap.java:315)
	at reactor.core.publisher.MonoPeekTerminal$MonoTerminalPeekSubscriber.onError(MonoPeekTerminal.java:258)
	at reactor.core.publisher.MonoCreate$DefaultMonoSink.error(MonoCreate.java:205)
	at com.mongodb.reactivestreams.client.internal.MongoOperationPublisher.lambda$sinkToCallback$33(MongoOperationPublisher.java:521)
	at com.mongodb.reactivestreams.client.internal.OperationExecutorImpl.lambda$execute$9(OperationExecutorImpl.java:126)
	at com.mongodb.internal.async.ErrorHandlingResultCallback.onResult(ErrorHandlingResultCallback.java:47)
	at com.mongodb.internal.operation.AsyncOperationHelper.lambda$exceptionTransformingCallback$16(AsyncOperationHelper.java:331)
	at com.mongodb.internal.async.function.AsyncCallbackSupplier.lambda$whenComplete$1(AsyncCallbackSupplier.java:97)
	at com.mongodb.internal.async.function.RetryingAsyncCallbackSupplier$RetryingCallback.onResult(RetryingAsyncCallbackSupplier.java:111)
	at com.mongodb.internal.async.ErrorHandlingResultCallback.onResult(ErrorHandlingResultCallback.java:47)
	at com.mongodb.internal.operation.AsyncOperationHelper.lambda$withAsyncSuppliedResource$3(AsyncOperationHelper.java:130)
	at com.mongodb.reactivestreams.client.internal.ClientSessionBinding$WrappingCallback.onResult(ClientSessionBinding.java:295)
	at com.mongodb.reactivestreams.client.internal.ClientSessionBinding$WrappingCallback.onResult(ClientSessionBinding.java:285)
	at com.mongodb.internal.binding.AsyncClusterBinding.lambda$getAsyncClusterBindingConnectionSource$1(AsyncClusterBinding.java:153)
	at com.mongodb.internal.connection.BaseCluster$ServerSelectionRequest.onResult(BaseCluster.java:405)
	at com.mongodb.internal.connection.BaseCluster.handleServerSelectionRequest(BaseCluster.java:275)
	at com.mongodb.internal.connection.BaseCluster.access$700(BaseCluster.java:69)
	at com.mongodb.internal.connection.BaseCluster$WaitQueueHandler.run(BaseCluster.java:455)
	at java.base/java.lang.Thread.run(Thread.java:842)
	Suppressed: java.lang.Exception: #block terminated with an error
		at reactor.core.publisher.BlockingSingleSubscriber.blockingGet(BlockingSingleSubscriber.java:104)
		at reactor.core.publisher.Mono.block(Mono.java:1779)
		at com.ecommerce.catalog.controller.CatalogControllerIT.setUp(CatalogControllerIT.java:57)
		at java.base/java.lang.reflect.Method.invoke(Method.java:568)
		at java.base/java.util.ArrayList.forEach(ArrayList.java:1511)
		at java.base/java.util.ArrayList.forEach(ArrayList.java:1511)
	Suppressed: org.springframework.dao.DataAccessResourceFailureException: Timed out after 30000 ms while waiting for a server that matches WritableServerSelector. Client view of cluster state is {type=UNKNOWN, servers=[{address=localhost:27017, type=UNKNOWN, state=CONNECTING, exception={com.mongodb.MongoSocketOpenException: Exception opening socket}, caused by {io.netty.channel.AbstractChannel$AnnotatedConnectException: Connection refused: no further information: localhost/[0:0:0:0:0:0:0:1]:27017}, caused by {java.net.ConnectException: Connection refused: no further information}}]
		at org.springframework.data.mongodb.core.MongoExceptionTranslator.translateExceptionIfPossible(MongoExceptionTranslator.java:88)
		at org.springframework.data.mongodb.core.ReactiveMongoTemplate.potentiallyConvertRuntimeException(ReactiveMongoTemplate.java:2763)
		at org.springframework.data.mongodb.core.ReactiveMongoTemplate.lambda$translateException$98(ReactiveMongoTemplate.java:2746)
		at reactor.core.publisher.Mono.lambda$onErrorMap$28(Mono.java:3854)
		at reactor.core.publisher.FluxOnErrorResume$ResumeSubscriber.onError(FluxOnErrorResume.java:94)
		at reactor.core.publisher.MonoFlatMap$FlatMapMain.secondError(MonoFlatMap.java:241)
		at reactor.core.publisher.MonoFlatMap$FlatMapInner.onError(MonoFlatMap.java:315)
		at reactor.core.publisher.MonoNext$NextSubscriber.onError(MonoNext.java:93)
		at org.springframework.security.test.context.support.ReactorContextTestExecutionListener$DelegateTestExecutionListener$SecuritySubContext.onError(ReactorContextTestExecutionListener.java:125)
		at reactor.core.publisher.MonoFlatMap$FlatMapMain.secondError(MonoFlatMap.java:241)
		at reactor.core.publisher.MonoFlatMap$FlatMapInner.onError(MonoFlatMap.java:315)
		at reactor.core.publisher.MonoPeekTerminal$MonoTerminalPeekSubscriber.onError(MonoPeekTerminal.java:258)
		at reactor.core.publisher.MonoCreate$DefaultMonoSink.error(MonoCreate.java:205)
		at com.mongodb.reactivestreams.client.internal.MongoOperationPublisher.lambda$sinkToCallback$33(MongoOperationPublisher.java:521)
		at com.mongodb.reactivestreams.client.internal.OperationExecutorImpl.lambda$execute$9(OperationExecutorImpl.java:126)
		at com.mongodb.internal.async.ErrorHandlingResultCallback.onResult(ErrorHandlingResultCallback.java:47)
		at com.mongodb.internal.operation.DropCollectionOperation.lambda$executeAsync$2(DropCollectionOperation.java:117)
		at com.mongodb.internal.operation.AsyncOperationHelper$AsyncCallableWithConnectionCallback.onResult(AsyncOperationHelper.java:370)
		at com.mongodb.internal.operation.AsyncOperationHelper$AsyncCallableWithConnectionCallback.onResult(AsyncOperationHelper.java:360)
		at com.mongodb.internal.async.ErrorHandlingResultCallback.onResult(ErrorHandlingResultCallback.java:47)
		... 8 more
		Suppressed: java.lang.Exception: #block terminated with an error
			at reactor.core.publisher.BlockingSingleSubscriber.blockingGet(BlockingSingleSubscriber.java:104)
			at reactor.core.publisher.Mono.block(Mono.java:1779)
			at com.ecommerce.catalog.controller.CatalogControllerIT.tearDown(CatalogControllerIT.java:62)
			at java.base/java.lang.reflect.Method.invoke(Method.java:568)
			at java.base/java.util.ArrayList.forEach(ArrayList.java:1511)
			at java.base/java.util.ArrayList.forEach(ArrayList.java:1511)
	Caused by: com.mongodb.MongoTimeoutException: Timed out after 30000 ms while waiting for a server that matches WritableServerSelector. Client view of cluster state is {type=UNKNOWN, servers=[{address=localhost:27017, type=UNKNOWN, state=CONNECTING, exception={com.mongodb.MongoSocketOpenException: Exception opening socket}, caused by {io.netty.channel.AbstractChannel$AnnotatedConnectException: Connection refused: no further information: localhost/[0:0:0:0:0:0:0:1]:27017}, caused by {java.net.ConnectException: Connection refused: no further information}}]
		at com.mongodb.internal.connection.BaseCluster.createTimeoutException(BaseCluster.java:380)
		... 4 more
Caused by: com.mongodb.MongoTimeoutException: Timed out after 30000 ms while waiting for a server that matches WritableServerSelector. Client view of cluster state is {type=UNKNOWN, servers=[{address=localhost:27017, type=UNKNOWN, state=CONNECTING, exception={com.mongodb.MongoSocketOpenException: Exception opening socket}, caused by {io.netty.channel.AbstractChannel$AnnotatedConnectException: Connection refused: no further information: localhost/[0:0:0:0:0:0:0:1]:27017}, caused by {java.net.ConnectException: Connection refused: no further information}}]
	at com.mongodb.internal.connection.BaseCluster.createTimeoutException(BaseCluster.java:380)
	... 4 more

