<?xml version="1.0" encoding="UTF-8"?>
<testsuite xmlns:xsi="http://www.w3.org/2001/XMLSchema-instance" xsi:noNamespaceSchemaLocation="https://maven.apache.org/surefire/maven-failsafe-plugin/xsd/failsafe-test-report-3.0.xsd" version="3.0" name="com.ecommerce.order.controller.OrdersControllerIT" time="11.068" tests="14" errors="0" skipped="0" failures="4">
  <properties>
[...]
</properties>
  <testcase name="createOrder_validBody_returns200" classname="com.ecommerce.order.controller.OrdersControllerIT" time="2.242">
    <failure message="Status expected:&lt;200 OK&gt; but was:&lt;400 BAD_REQUEST&gt;" type="java.lang.AssertionError"><![CDATA[java.lang.AssertionError: Status expected:<200 OK> but was:<400 BAD_REQUEST>
	at org.springframework.test.util.AssertionErrors.fail(AssertionErrors.java:59)
	at org.springframework.test.util.AssertionErrors.assertEquals(AssertionErrors.java:122)
	at org.springframework.test.web.reactive.server.StatusAssertions.lambda$assertStatusAndReturn$4(StatusAssertions.java:236)
	at org.springframework.test.web.reactive.server.ExchangeResult.assertWithDiagnostics(ExchangeResult.java:222)
	at org.springframework.test.web.reactive.server.StatusAssertions.assertStatusAndReturn(StatusAssertions.java:236)
	at org.springframework.test.web.reactive.server.StatusAssertions.isOk(StatusAssertions.java:68)
	at com.ecommerce.order.controller.OrdersControllerIT.createOrder_validBody_returns200(OrdersControllerIT.java:188)
	at java.base/java.lang.reflect.Method.invoke(Method.java:568)
	at java.base/java.util.ArrayList.forEach(ArrayList.java:1511)
	at java.base/java.util.ArrayList.forEach(ArrayList.java:1511)
]]></failure>
    <system-out><![CDATA[11:03:36.108 [main] INFO org.springframework.test.context.support.AnnotationConfigContextLoaderUtils -- Could not detect default configuration classes for test class [com.ecommerce.order.controller.OrdersControllerIT]: OrdersControllerIT does not declare any static, non-private, non-final, nested classes annotated with @Configuration.
11:03:36.259 [main] INFO org.springframework.boot.test.context.SpringBootTestContextBootstrapper -- Found @SpringBootConfiguration com.ecommerce.order.OrderServiceApplication for test class com.ecommerce.order.controller.OrdersControllerIT

  .   ____          _            __ _ _
 /\\ / ___'_ __ _ _(_)_ __  __ _ \ \ \ \
( ( )\___ | '_ | '_| | '_ \/ _` | \ \ \ \
 \\/  ___)| |_)| | | | | || (_| |  ) ) ) )
  '  |____| .__|_| |_|_| |_\__, | / / / /
 =========|_|==============|___/=/_/_/_/
 :: Spring Boot ::                (v3.2.5)

2026-05-05T11:03:36.725+02:00  INFO 10888 --- [order-service] [           main] c.e.order.controller.OrdersControllerIT  : Starting OrdersControllerIT using Java 17.0.12 with PID 10888 (started by d.amati in C:\Users\d.amati\Desktop\Lezioni Alfa\biblioteca\Progetto_riqualificazione_AMATI2026\Ecommerce-OrderService)
2026-05-05T11:03:36.727+02:00  INFO 10888 --- [order-service] [           main] c.e.order.controller.OrdersControllerIT  : The following 1 profile is active: "test"
2026-05-05T11:03:37.823+02:00  INFO 10888 --- [order-service] [           main] .s.d.r.c.RepositoryConfigurationDelegate : Bootstrapping Spring Data Reactive MongoDB repositories in DEFAULT mode.
2026-05-05T11:03:37.988+02:00  INFO 10888 --- [order-service] [           main] .s.d.r.c.RepositoryConfigurationDelegate : Finished Spring Data repository scanning in 157 ms. Found 1 Reactive MongoDB repository interface.
2026-05-05T11:03:39.515+02:00  INFO 10888 --- [order-service] [           main] org.mongodb.driver.client                : MongoClient with metadata {"driver": {"name": "mongo-java-driver|reactive-streams|spring-boot", "version": "4.11.2"}, "os": {"type": "Windows", "name": "Windows 11", "architecture": "amd64", "version": "10.0"}, "platform": "Java/Oracle Corporation/17.0.12+8-LTS-286"} created with settings MongoClientSettings{readPreference=primary, writeConcern=WriteConcern{w=null, wTimeout=null ms, journal=null}, retryWrites=true, retryReads=true, readConcern=ReadConcern{level=null}, credential=MongoCredential{mechanism=null, userName='admin', source='admin', password=<hidden>, mechanismProperties=<hidden>}, transportSettings=NettyTransportSettings{eventLoopGroup=io.netty.channel.nio.NioEventLoopGroup@57c6feea, socketChannelClass=null, allocator=null, sslContext=null}, streamFactoryFactory=null, commandListeners=[io.micrometer.core.instrument.binder.mongodb.MongoMetricsCommandListener@3b57f915], codecRegistry=ProvidersCodecRegistry{codecProviders=[ValueCodecProvider{}, BsonValueCodecProvider{}, DBRefCodecProvider{}, DBObjectCodecProvider{}, DocumentCodecProvider{}, CollectionCodecProvider{}, IterableCodecProvider{}, MapCodecProvider{}, GeoJsonCodecProvider{}, GridFSFileCodecProvider{}, Jsr310CodecProvider{}, JsonObjectCodecProvider{}, BsonCodecProvider{}, EnumCodecProvider{}, com.mongodb.client.model.mql.ExpressionCodecProvider@39c7fb0b, com.mongodb.Jep395RecordCodecProvider@645dc557, com.mongodb.KotlinCodecProvider@48c5698]}, loggerSettings=LoggerSettings{maxDocumentLength=1000}, clusterSettings={hosts=[localhost:27017], srvServiceName=mongodb, mode=SINGLE, requiredClusterType=UNKNOWN, requiredReplicaSetName='null', serverSelector='null', clusterListeners='[]', serverSelectionTimeout='30000 ms', localThreshold='15 ms'}, socketSettings=SocketSettings{connectTimeoutMS=10000, readTimeoutMS=0, receiveBufferSize=0, proxySettings=ProxySettings{host=null, port=null, username=null, password=null}}, heartbeatSocketSettings=SocketSettings{connectTimeoutMS=10000, readTimeoutMS=10000, receiveBufferSize=0, proxySettings=ProxySettings{host=null, port=null, username=null, password=null}}, connectionPoolSettings=ConnectionPoolSettings{maxSize=100, minSize=0, maxWaitTimeMS=120000, maxConnectionLifeTimeMS=0, maxConnectionIdleTimeMS=0, maintenanceInitialDelayMS=0, maintenanceFrequencyMS=60000, connectionPoolListeners=[io.micrometer.core.instrument.binder.mongodb.MongoMetricsConnectionPoolListener@17884d], maxConnecting=2}, serverSettings=ServerSettings{heartbeatFrequencyMS=10000, minHeartbeatFrequencyMS=500, serverListeners='[]', serverMonitorListeners='[]'}, sslSettings=SslSettings{enabled=false, invalidHostNameAllowed=false, context=null}, applicationName='null', compressorList=[], uuidRepresentation=JAVA_LEGACY, serverApi=null, autoEncryptionSettings=null, dnsClient=null, inetAddressResolver=null, contextProvider=null}
2026-05-05T11:03:40.020+02:00  INFO 10888 --- [order-service] [localhost:27017] org.mongodb.driver.cluster               : Monitor thread successfully connected to server with description ServerDescription{address=localhost:27017, type=STANDALONE, state=CONNECTED, ok=true, minWireVersion=0, maxWireVersion=17, maxDocumentSize=16777216, logicalSessionTimeoutMinutes=30, roundTripTimeNanos=223228500}
2026-05-05T11:03:41.017+02:00  INFO 10888 --- [order-service] [           main] ctiveUserDetailsServiceAutoConfiguration : 

Using generated security password: 380c045c-34e5-4d69-809c-2e8bd03e2bb5

2026-05-05T11:03:42.533+02:00  INFO 10888 --- [order-service] [           main] o.s.b.a.e.web.EndpointLinksResolver      : Exposing 3 endpoint(s) beneath base path '/actuator'
2026-05-05T11:03:43.321+02:00  INFO 10888 --- [order-service] [           main] o.s.b.web.embedded.netty.NettyWebServer  : Netty started on port 58421
2026-05-05T11:03:43.339+02:00  INFO 10888 --- [order-service] [           main] c.e.order.controller.OrdersControllerIT  : Started OrdersControllerIT in 6.924 seconds (process running for 7.956)
2026-05-05T11:03:45.569+02:00 ERROR 10888 --- [order-service] [           main] o.s.t.w.reactive.server.ExchangeResult   : Request details for assertion failure:

> POST http://localhost:58421/orders
> accept-encoding: [gzip]
> user-agent: [ReactorNetty/1.1.18]
> host: [localhost:58421]
> accept: [*/*]
> Authorization: [Bearer eyJhbGciOiJIUzM4NCJ9.eyJzdWIiOiJ1c2VyLW93bmVyLTEyMyIsInJvbGVzIjpbIlVTRVIiXSwiaWF0IjoxNzc3OTcxODI0LCJleHAiOjE3Nzc5NzU0MjR9.zBvZuoveOxz-05HMXTCCyZ6bquJpMIxc6SFJr8Kaq2uUlyIV4sdzTkZJCXLrZ0r0]
> WebTestClient-Request-Id: [1]
> Content-Type: [application/json]
> Content-Length: [254]

{"ord_owner":"user-owner-123","total":49.99,"status":"PENDING","date":"2026-01-15T10:00:00","items":[{"quantity":1,"name":"Mouse","product_id":"prod-002","price_unit":49.99}],"shipping_address":{"city":"Torino","zip_code":"10100","street":"Via Nuova 2"}}

< 400 BAD_REQUEST Bad Request
< Vary: [Origin, Access-Control-Request-Method, Access-Control-Request-Headers]
< Content-Type: [application/json]
< Content-Length: [98]
< Cache-Control: [no-cache, no-store, max-age=0, must-revalidate]
< Pragma: [no-cache]
< Expires: [0]
< X-Content-Type-Options: [nosniff]
< X-Frame-Options: [DENY]
< X-XSS-Protection: [0]
< Referrer-Policy: [no-referrer]

{"fields":{"name":"non deve essere spazio"},"code":"VALIDATION_ERROR","message":"Dati non validi"}

]]></system-out>
  </testcase>
  <testcase name="getOrders_noAuth_returns401" classname="com.ecommerce.order.controller.OrdersControllerIT" time="0.103"/>
  <testcase name="updateOrder_byOtherUser_returns403" classname="com.ecommerce.order.controller.OrdersControllerIT" time="0.083">
    <failure message="Status expected:&lt;403 FORBIDDEN&gt; but was:&lt;400 BAD_REQUEST&gt;" type="java.lang.AssertionError"><![CDATA[java.lang.AssertionError: Status expected:<403 FORBIDDEN> but was:<400 BAD_REQUEST>
	at org.springframework.test.util.AssertionErrors.fail(AssertionErrors.java:59)
	at org.springframework.test.util.AssertionErrors.assertEquals(AssertionErrors.java:122)
	at org.springframework.test.web.reactive.server.StatusAssertions.lambda$assertStatusAndReturn$4(StatusAssertions.java:236)
	at org.springframework.test.web.reactive.server.ExchangeResult.assertWithDiagnostics(ExchangeResult.java:222)
	at org.springframework.test.web.reactive.server.StatusAssertions.assertStatusAndReturn(StatusAssertions.java:236)
	at org.springframework.test.web.reactive.server.StatusAssertions.isForbidden(StatusAssertions.java:146)
	at com.ecommerce.order.controller.OrdersControllerIT.updateOrder_byOtherUser_returns403(OrdersControllerIT.java:308)
	at java.base/java.lang.reflect.Method.invoke(Method.java:568)
	at java.base/java.util.ArrayList.forEach(ArrayList.java:1511)
	at java.base/java.util.ArrayList.forEach(ArrayList.java:1511)
]]></failure>
    <system-out><![CDATA[2026-05-05T11:03:45.783+02:00 ERROR 10888 --- [order-service] [           main] o.s.t.w.reactive.server.ExchangeResult   : Request details for assertion failure:

> PUT http://localhost:58421/orders/69f9b2714c4d100a02f4e34e
> accept-encoding: [gzip]
> user-agent: [ReactorNetty/1.1.18]
> host: [localhost:58421]
> accept: [*/*]
> Authorization: [Bearer eyJhbGciOiJIUzM4NCJ9.eyJzdWIiOiJ1c2VyLW90aGVyLTQ1NiIsInJvbGVzIjpbIlVTRVIiXSwiaWF0IjoxNzc3OTcxODI1LCJleHAiOjE3Nzc5NzU0MjV9.Q9bHPWPja3OLQEFNN5KDF_7qNs946TsbcjQGptk7Bs6AlKoCgaMRRGBKn0nWp8yv]
> WebTestClient-Request-Id: [1]
> Content-Type: [application/json]
> Content-Length: [251]

{"ord_owner":"user-other-456","total":1.0,"status":"CANCELLED","date":"2026-01-15T10:00:00","items":[{"quantity":1,"name":"Laptop","product_id":"prod-001","price_unit":1.0}],"shipping_address":{"city":"Roma","zip_code":"00100","street":"Via Falsa 0"}}

< 400 BAD_REQUEST Bad Request
< Vary: [Origin, Access-Control-Request-Method, Access-Control-Request-Headers]
< Content-Type: [application/json]
< Content-Length: [98]
< Cache-Control: [no-cache, no-store, max-age=0, must-revalidate]
< Pragma: [no-cache]
< Expires: [0]
< X-Content-Type-Options: [nosniff]
< X-Frame-Options: [DENY]
< X-XSS-Protection: [0]
< Referrer-Policy: [no-referrer]

{"fields":{"name":"non deve essere spazio"},"code":"VALIDATION_ERROR","message":"Dati non validi"}

]]></system-out>
  </testcase>
  <testcase name="updateOrder_byOwner_returns200" classname="com.ecommerce.order.controller.OrdersControllerIT" time="0.139">
    <failure message="Status expected:&lt;200 OK&gt; but was:&lt;400 BAD_REQUEST&gt;" type="java.lang.AssertionError"><![CDATA[java.lang.AssertionError: Status expected:<200 OK> but was:<400 BAD_REQUEST>
	at org.springframework.test.util.AssertionErrors.fail(AssertionErrors.java:59)
	at org.springframework.test.util.AssertionErrors.assertEquals(AssertionErrors.java:122)
	at org.springframework.test.web.reactive.server.StatusAssertions.lambda$assertStatusAndReturn$4(StatusAssertions.java:236)
	at org.springframework.test.web.reactive.server.ExchangeResult.assertWithDiagnostics(ExchangeResult.java:222)
	at org.springframework.test.web.reactive.server.StatusAssertions.assertStatusAndReturn(StatusAssertions.java:236)
	at org.springframework.test.web.reactive.server.StatusAssertions.isOk(StatusAssertions.java:68)
	at com.ecommerce.order.controller.OrdersControllerIT.updateOrder_byOwner_returns200(OrdersControllerIT.java:276)
	at java.base/java.lang.reflect.Method.invoke(Method.java:568)
	at java.base/java.util.ArrayList.forEach(ArrayList.java:1511)
	at java.base/java.util.ArrayList.forEach(ArrayList.java:1511)
]]></failure>
    <system-out><![CDATA[2026-05-05T11:03:45.933+02:00 ERROR 10888 --- [order-service] [           main] o.s.t.w.reactive.server.ExchangeResult   : Request details for assertion failure:

> PUT http://localhost:58421/orders/69f9b2714c4d100a02f4e34f
> accept-encoding: [gzip]
> user-agent: [ReactorNetty/1.1.18]
> host: [localhost:58421]
> accept: [*/*]
> Authorization: [Bearer eyJhbGciOiJIUzM4NCJ9.eyJzdWIiOiJ1c2VyLW93bmVyLTEyMyIsInJvbGVzIjpbIlVTRVIiXSwiaWF0IjoxNzc3OTcxODI1LCJleHAiOjE3Nzc5NzU0MjV9.vuL3ECB8D4XZIWIpA4RUfXe2mYyg54dU3HO40jr1N4m8St5KHmcpNJgvguuyBiZI]
> WebTestClient-Request-Id: [1]
> Content-Type: [application/json]
> Content-Length: [267]

{"ord_owner":"user-owner-123","total":850.0,"status":"CONFIRMED","date":"2026-01-15T10:00:00","items":[{"quantity":1,"name":"Laptop Test","product_id":"prod-001","price_unit":850.0}],"shipping_address":{"city":"Napoli","zip_code":"80100","street":"Via Aggiornata 5"}}

< 400 BAD_REQUEST Bad Request
< Vary: [Origin, Access-Control-Request-Method, Access-Control-Request-Headers]
< Content-Type: [application/json]
< Content-Length: [98]
< Cache-Control: [no-cache, no-store, max-age=0, must-revalidate]
< Pragma: [no-cache]
< Expires: [0]
< X-Content-Type-Options: [nosniff]
< X-Frame-Options: [DENY]
< X-XSS-Protection: [0]
< Referrer-Policy: [no-referrer]

{"fields":{"name":"non deve essere spazio"},"code":"VALIDATION_ERROR","message":"Dati non validi"}

]]></system-out>
  </testcase>
  <testcase name="getOrderById_found_returns200" classname="com.ecommerce.order.controller.OrdersControllerIT" time="0.194"/>
  <testcase name="deleteOrder_byOtherUser_returns403" classname="com.ecommerce.order.controller.OrdersControllerIT" time="0.063"/>
  <testcase name="createOrder_missingItems_returns400" classname="com.ecommerce.order.controller.OrdersControllerIT" time="0.067"/>
  <testcase name="getOrders_authenticated_returnsList" classname="com.ecommerce.order.controller.OrdersControllerIT" time="0.101"/>
  <testcase name="deleteOrder_byAdmin_returns204" classname="com.ecommerce.order.controller.OrdersControllerIT" time="0.079"/>
  <testcase name="getOrders_withStatusFilter_returnsFilteredList" classname="com.ecommerce.order.controller.OrdersControllerIT" time="0.126"/>
  <testcase name="deleteOrder_noAuth_returns401" classname="com.ecommerce.order.controller.OrdersControllerIT" time="0.127"/>
  <testcase name="patchOrder_byOwner_returns200" classname="com.ecommerce.order.controller.OrdersControllerIT" time="0.08">
    <failure message="Status expected:&lt;200 OK&gt; but was:&lt;400 BAD_REQUEST&gt;" type="java.lang.AssertionError"><![CDATA[java.lang.AssertionError: Status expected:<200 OK> but was:<400 BAD_REQUEST>
	at org.springframework.test.util.AssertionErrors.fail(AssertionErrors.java:59)
	at org.springframework.test.util.AssertionErrors.assertEquals(AssertionErrors.java:122)
	at org.springframework.test.web.reactive.server.StatusAssertions.lambda$assertStatusAndReturn$4(StatusAssertions.java:236)
	at org.springframework.test.web.reactive.server.ExchangeResult.assertWithDiagnostics(ExchangeResult.java:222)
	at org.springframework.test.web.reactive.server.StatusAssertions.assertStatusAndReturn(StatusAssertions.java:236)
	at org.springframework.test.web.reactive.server.StatusAssertions.isOk(StatusAssertions.java:68)
	at com.ecommerce.order.controller.OrdersControllerIT.patchOrder_byOwner_returns200(OrdersControllerIT.java:324)
	at java.base/java.lang.reflect.Method.invoke(Method.java:568)
	at java.base/java.util.ArrayList.forEach(ArrayList.java:1511)
	at java.base/java.util.ArrayList.forEach(ArrayList.java:1511)
]]></failure>
    <system-out><![CDATA[2026-05-05T11:03:46.779+02:00 ERROR 10888 --- [order-service] [           main] o.s.t.w.reactive.server.ExchangeResult   : Request details for assertion failure:

> PATCH http://localhost:58421/orders/69f9b2724c4d100a02f4e357
> accept-encoding: [gzip]
> user-agent: [ReactorNetty/1.1.18]
> host: [localhost:58421]
> accept: [*/*]
> Authorization: [Bearer eyJhbGciOiJIUzM4NCJ9.eyJzdWIiOiJ1c2VyLW93bmVyLTEyMyIsInJvbGVzIjpbIlVTRVIiXSwiaWF0IjoxNzc3OTcxODI2LCJleHAiOjE3Nzc5NzU0MjZ9.bH70nvwGLOKJO2mG2-qtuf3kivAGMdpEzaHxrb9sTYJQBwRfHGw4mTYOR29-aoo5]
> WebTestClient-Request-Id: [1]
> Content-Type: [application/json]
> Content-Length: [15]

{"total":500.0}

< 400 BAD_REQUEST Bad Request
< Vary: [Origin, Access-Control-Request-Method, Access-Control-Request-Headers]
< Content-Type: [application/json]
< Content-Length: [233]
< Cache-Control: [no-cache, no-store, max-age=0, must-revalidate]
< Pragma: [no-cache]
< Expires: [0]
< X-Content-Type-Options: [nosniff]
< X-Frame-Options: [DENY]
< X-XSS-Protection: [0]
< Referrer-Policy: [no-referrer]

{"fields":{"date":"non deve essere null","name":"non deve essere spazio","shippingAddress":"non deve essere null","items":"non deve essere vuoto","status":"non deve essere null"},"code":"VALIDATION_ERROR","message":"Dati non validi"}

]]></system-out>
  </testcase>
  <testcase name="getOrderById_notFound_returnsSuccessFalse" classname="com.ecommerce.order.controller.OrdersControllerIT" time="0.078"/>
  <testcase name="deleteOrder_byOwner_returns204" classname="com.ecommerce.order.controller.OrdersControllerIT" time="0.135"/>
</testsuite>